{"C:\\Users\\PC\\Desktop\\Inmobiliaria\\backend\\src\\modules\\admin\\admin.controller.ts": {"path":"C:\\Users\\PC\\Desktop\\Inmobiliaria\\backend\\src\\modules\\admin\\admin.controller.ts","statementMap":{"0":{"start":{"line":1,"column":0},"end":{"line":1,"column":96}},"1":{"start":{"line":2,"column":0},"end":{"line":2,"column":47}},"2":{"start":{"line":3,"column":0},"end":{"line":3,"column":49}},"3":{"start":{"line":4,"column":0},"end":{"line":4,"column":48}},"4":{"start":{"line":5,"column":0},"end":{"line":5,"column":60}},"5":{"start":{"line":6,"column":0},"end":{"line":6,"column":33}},"6":{"start":{"line":11,"column":28},"end":{"line":65,"column":null}},"7":{"start":{"line":14,"column":31},"end":{"line":14,"column":39}},"8":{"start":{"line":12,"column":19},"end":{"line":12,"column":61}},"9":{"start":{"line":18,"column":44},"end":{"line":18,"column":48}},"10":{"start":{"line":20,"column":4},"end":{"line":22,"column":5}},"11":{"start":{"line":21,"column":6},"end":{"line":21,"column":78}},"12":{"start":{"line":24,"column":25},"end":{"line":24,"column":55}},"13":{"start":{"line":25,"column":4},"end":{"line":27,"column":5}},"14":{"start":{"line":26,"column":6},"end":{"line":26,"column":99}},"15":{"start":{"line":29,"column":27},"end":{"line":29,"column":58}},"16":{"start":{"line":31,"column":4},"end":{"line":63,"column":5}},"17":{"start":{"line":32,"column":22},"end":{"line":39,"column":8}},"18":{"start":{"line":41,"column":6},"end":{"line":49,"column":8}},"19":{"start":{"line":51,"column":6},"end":{"line":51,"column":120}},"20":{"start":{"line":54,"column":6},"end":{"line":62,"column":8}},"21":{"start":{"line":11,"column":13},"end":{"line":11,"column":28}},"22":{"start":{"line":17,"column":8},"end":{"line":64,"column":null}},"23":{"start":{"line":11,"column":13},"end":{"line":65,"column":null}}},"fnMap":{"0":{"name":"(anonymous_4)","decl":{"start":{"line":14,"column":2},"end":{"line":14,"column":31}},"loc":{"start":{"line":14,"column":52},"end":{"line":14,"column":56}}},"1":{"name":"(anonymous_5)","decl":{"start":{"line":17,"column":2},"end":{"line":17,"column":7}},"loc":{"start":{"line":17,"column":37},"end":{"line":64,"column":3}}}},"branchMap":{"0":{"loc":{"start":{"line":20,"column":4},"end":{"line":22,"column":5}},"type":"if","locations":[{"start":{"line":20,"column":4},"end":{"line":22,"column":5}}]},"1":{"loc":{"start":{"line":20,"column":8},"end":{"line":20,"column":36}},"type":"binary-expr","locations":[{"start":{"line":20,"column":8},"end":{"line":20,"column":14}},{"start":{"line":20,"column":18},"end":{"line":20,"column":27}},{"start":{"line":20,"column":31},"end":{"line":20,"column":36}}]},"2":{"loc":{"start":{"line":25,"column":4},"end":{"line":27,"column":5}},"type":"if","locations":[{"start":{"line":25,"column":4},"end":{"line":27,"column":5}}]},"3":{"loc":{"start":{"line":36,"column":16},"end":{"line":36,"column":28}},"type":"binary-expr","locations":[{"start":{"line":36,"column":16},"end":{"line":36,"column":20}},{"start":{"line":36,"column":24},"end":{"line":36,"column":28}}]},"4":{"loc":{"start":{"line":59,"column":16},"end":{"line":59,"column":43}},"type":"binary-expr","locations":[{"start":{"line":59,"column":16},"end":{"line":59,"column":20}},{"start":{"line":59,"column":24},"end":{"line":59,"column":43}}]}},"s":{"0":0,"1":0,"2":0,"3":0,"4":0,"5":0,"6":0,"7":0,"8":0,"9":0,"10":0,"11":0,"12":0,"13":0,"14":0,"15":0,"16":0,"17":0,"18":0,"19":0,"20":0,"21":0,"22":0,"23":0},"f":{"0":0,"1":0},"b":{"0":[0],"1":[0,0,0],"2":[0],"3":[0,0],"4":[0,0]}}
,"C:\\Users\\PC\\Desktop\\Inmobiliaria\\backend\\src\\modules\\alerts\\alerts.controller.ts": {"path":"C:\\Users\\PC\\Desktop\\Inmobiliaria\\backend\\src\\modules\\alerts\\alerts.controller.ts","statementMap":{"0":{"start":{"line":1,"column":0},"end":{"line":1,"column":null}},"1":{"start":{"line":12,"column":0},"end":{"line":12,"column":65}},"2":{"start":{"line":13,"column":0},"end":{"line":13,"column":47}},"3":{"start":{"line":14,"column":0},"end":{"line":14,"column":49}},"4":{"start":{"line":15,"column":0},"end":{"line":15,"column":48}},"5":{"start":{"line":18,"column":7},"end":{"line":83,"column":null}},"6":{"start":{"line":19,"column":31},"end":{"line":19,"column":46}},"7":{"start":{"line":28,"column":4},"end":{"line":31,"column":7}},"8":{"start":{"line":41,"column":4},"end":{"line":41,"column":57}},"9":{"start":{"line":51,"column":4},"end":{"line":51,"column":68}},"10":{"start":{"line":62,"column":19},"end":{"line":62,"column":60}},"11":{"start":{"line":63,"column":4},"end":{"line":66,"column":6}},"12":{"start":{"line":77,"column":21},"end":{"line":77,"column":74}},"13":{"start":{"line":78,"column":4},"end":{"line":81,"column":6}},"14":{"start":{"line":18,"column":13},"end":{"line":18,"column":29}},"15":{"start":{"line":27,"column":8},"end":{"line":32,"column":null}},"16":{"start":{"line":40,"column":8},"end":{"line":42,"column":null}},"17":{"start":{"line":50,"column":8},"end":{"line":52,"column":null}},"18":{"start":{"line":61,"column":8},"end":{"line":67,"column":null}},"19":{"start":{"line":76,"column":8},"end":{"line":82,"column":null}},"20":{"start":{"line":18,"column":13},"end":{"line":83,"column":null}}},"fnMap":{"0":{"name":"(anonymous_4)","decl":{"start":{"line":19,"column":2},"end":{"line":19,"column":31}},"loc":{"start":{"line":19,"column":59},"end":{"line":19,"column":63}}},"1":{"name":"(anonymous_5)","decl":{"start":{"line":27,"column":2},"end":{"line":27,"column":7}},"loc":{"start":{"line":27,"column":85},"end":{"line":32,"column":3}}},"2":{"name":"(anonymous_6)","decl":{"start":{"line":40,"column":2},"end":{"line":40,"column":7}},"loc":{"start":{"line":40,"column":39},"end":{"line":42,"column":3}}},"3":{"name":"(anonymous_7)","decl":{"start":{"line":50,"column":2},"end":{"line":50,"column":7}},"loc":{"start":{"line":50,"column":93},"end":{"line":52,"column":3}}},"4":{"name":"(anonymous_8)","decl":{"start":{"line":61,"column":2},"end":{"line":61,"column":7}},"loc":{"start":{"line":61,"column":22},"end":{"line":67,"column":3}}},"5":{"name":"(anonymous_9)","decl":{"start":{"line":76,"column":2},"end":{"line":76,"column":7}},"loc":{"start":{"line":76,"column":79},"end":{"line":82,"column":3}}}},"branchMap":{},"s":{"0":0,"1":0,"2":0,"3":0,"4":0,"5":0,"6":0,"7":0,"8":0,"9":0,"10":0,"11":0,"12":0,"13":0,"14":0,"15":0,"16":0,"17":0,"18":0,"19":0,"20":0},"f":{"0":0,"1":0,"2":0,"3":0,"4":0,"5":0},"b":{}}
,"C:\\Users\\PC\\Desktop\\Inmobiliaria\\backend\\src\\modules\\alerts\\alerts.service.ts": {"path":"C:\\Users\\PC\\Desktop\\Inmobiliaria\\backend\\src\\modules\\alerts\\alerts.service.ts","statementMap":{"0":{"start":{"line":1,"column":0},"end":{"line":1,"column":null}},"1":{"start":{"line":7,"column":0},"end":{"line":7,"column":60}},"2":{"start":{"line":8,"column":0},"end":{"line":8,"column":63}},"3":{"start":{"line":31,"column":122},"end":{"line":31,"column":124}},"4":{"start":{"line":33,"column":24},"end":{"line":40,"column":2}},"5":{"start":{"line":43,"column":26},"end":{"line":270,"column":null}},"6":{"start":{"line":47,"column":21},"end":{"line":47,"column":29}},"7":{"start":{"line":48,"column":21},"end":{"line":48,"column":38}},"8":{"start":{"line":44,"column":19},"end":{"line":44,"column":59}},"9":{"start":{"line":53,"column":54},"end":{"line":53,"column":57}},"10":{"start":{"line":55,"column":4},"end":{"line":57,"column":5}},"11":{"start":{"line":56,"column":6},"end":{"line":56,"column":85}},"12":{"start":{"line":59,"column":4},"end":{"line":61,"column":5}},"13":{"start":{"line":60,"column":6},"end":{"line":60,"column":70}},"14":{"start":{"line":63,"column":4},"end":{"line":83,"column":5}},"15":{"start":{"line":64,"column":20},"end":{"line":66,"column":8}},"16":{"start":{"line":67,"column":6},"end":{"line":67,"column":103}},"17":{"start":{"line":68,"column":6},"end":{"line":68,"column":76}},"18":{"start":{"line":70,"column":6},"end":{"line":70,"column":87}},"19":{"start":{"line":71,"column":24},"end":{"line":80,"column":8}},"20":{"start":{"line":81,"column":6},"end":{"line":81,"column":34}},"21":{"start":{"line":82,"column":6},"end":{"line":82,"column":82}},"22":{"start":{"line":88,"column":4},"end":{"line":95,"column":5}},"23":{"start":{"line":89,"column":6},"end":{"line":92,"column":9}},"24":{"start":{"line":94,"column":6},"end":{"line":94,"column":72}},"25":{"start":{"line":94,"column":37},"end":{"line":94,"column":70}},"26":{"start":{"line":100,"column":4},"end":{"line":117,"column":5}},"27":{"start":{"line":101,"column":20},"end":{"line":103,"column":8}},"28":{"start":{"line":104,"column":6},"end":{"line":104,"column":70}},"29":{"start":{"line":104,"column":18},"end":{"line":104,"column":70}},"30":{"start":{"line":106,"column":6},"end":{"line":109,"column":9}},"31":{"start":{"line":110,"column":6},"end":{"line":110,"column":61}},"32":{"start":{"line":112,"column":6},"end":{"line":112,"column":54}},"33":{"start":{"line":112,"column":44},"end":{"line":112,"column":54}},"34":{"start":{"line":114,"column":18},"end":{"line":114,"column":85}},"35":{"start":{"line":114,"column":45},"end":{"line":114,"column":84}},"36":{"start":{"line":115,"column":6},"end":{"line":115,"column":56}},"37":{"start":{"line":115,"column":22},"end":{"line":115,"column":56}},"38":{"start":{"line":116,"column":6},"end":{"line":116,"column":67}},"39":{"start":{"line":127,"column":4},"end":{"line":127,"column":74}},"40":{"start":{"line":128,"column":26},"end":{"line":128,"column":27}},"41":{"start":{"line":129,"column":23},"end":{"line":129,"column":24}},"42":{"start":{"line":131,"column":24},"end":{"line":131,"column":26}},"43":{"start":{"line":132,"column":4},"end":{"line":140,"column":5}},"44":{"start":{"line":133,"column":6},"end":{"line":136,"column":9}},"45":{"start":{"line":138,"column":6},"end":{"line":138,"column":83}},"46":{"start":{"line":139,"column":6},"end":{"line":139,"column":51}},"47":{"start":{"line":139,"column":39},"end":{"line":139,"column":49}},"48":{"start":{"line":142,"column":4},"end":{"line":150,"column":5}},"49":{"start":{"line":143,"column":22},"end":{"line":143,"column":62}},"50":{"start":{"line":144,"column":6},"end":{"line":144,"column":24}},"51":{"start":{"line":146,"column":6},"end":{"line":149,"column":7}},"52":{"start":{"line":147,"column":8},"end":{"line":147,"column":39}},"53":{"start":{"line":148,"column":8},"end":{"line":148,"column":61}},"54":{"start":{"line":152,"column":4},"end":{"line":152,"column":103}},"55":{"start":{"line":153,"column":4},"end":{"line":153,"column":45}},"56":{"start":{"line":158,"column":4},"end":{"line":184,"column":5}},"57":{"start":{"line":159,"column":6},"end":{"line":175,"column":9}},"58":{"start":{"line":178,"column":6},"end":{"line":183,"column":20}},"59":{"start":{"line":180,"column":10},"end":{"line":182,"column":39}},"60":{"start":{"line":189,"column":37},"end":{"line":194,"column":6}},"61":{"start":{"line":196,"column":4},"end":{"line":198,"column":6}},"62":{"start":{"line":201,"column":4},"end":{"line":211,"column":7}},"63":{"start":{"line":214,"column":4},"end":{"line":221,"column":5}},"64":{"start":{"line":215,"column":6},"end":{"line":218,"column":9}},"65":{"start":{"line":231,"column":4},"end":{"line":238,"column":5}},"66":{"start":{"line":232,"column":6},"end":{"line":235,"column":9}},"67":{"start":{"line":237,"column":6},"end":{"line":237,"column":64}},"68":{"start":{"line":237,"column":43},"end":{"line":237,"column":62}},"69":{"start":{"line":240,"column":4},"end":{"line":240,"column":28}},"70":{"start":{"line":240,"column":19},"end":{"line":240,"column":28}},"71":{"start":{"line":242,"column":32},"end":{"line":242,"column":34}},"72":{"start":{"line":243,"column":4},"end":{"line":261,"column":5}},"73":{"start":{"line":244,"column":6},"end":{"line":252,"column":9}},"74":{"start":{"line":254,"column":6},"end":{"line":260,"column":8}},"75":{"start":{"line":256,"column":10},"end":{"line":259,"column":72}},"76":{"start":{"line":263,"column":4},"end":{"line":265,"column":5}},"77":{"start":{"line":264,"column":6},"end":{"line":264,"column":62}},"78":{"start":{"line":267,"column":4},"end":{"line":267,"column":113}},"79":{"start":{"line":268,"column":4},"end":{"line":268,"column":33}},"80":{"start":{"line":43,"column":13},"end":{"line":43,"column":26}},"81":{"start":{"line":43,"column":13},"end":{"line":270,"column":null}}},"fnMap":{"0":{"name":"(anonymous_2)","decl":{"start":{"line":46,"column":2},"end":{"line":46,"column":null}},"loc":{"start":{"line":48,"column":53},"end":{"line":49,"column":6}}},"1":{"name":"(anonymous_3)","decl":{"start":{"line":52,"column":2},"end":{"line":52,"column":7}},"loc":{"start":{"line":52,"column":39},"end":{"line":84,"column":3}}},"2":{"name":"(anonymous_4)","decl":{"start":{"line":87,"column":2},"end":{"line":87,"column":7}},"loc":{"start":{"line":87,"column":36},"end":{"line":96,"column":3}}},"3":{"name":"(anonymous_5)","decl":{"start":{"line":94,"column":32},"end":{"line":94,"column":33}},"loc":{"start":{"line":94,"column":37},"end":{"line":94,"column":70}}},"4":{"name":"(anonymous_6)","decl":{"start":{"line":99,"column":2},"end":{"line":99,"column":7}},"loc":{"start":{"line":99,"column":55},"end":{"line":118,"column":3}}},"5":{"name":"(anonymous_7)","decl":{"start":{"line":114,"column":40},"end":{"line":114,"column":41}},"loc":{"start":{"line":114,"column":45},"end":{"line":114,"column":84}}},"6":{"name":"(anonymous_8)","decl":{"start":{"line":126,"column":2},"end":{"line":126,"column":7}},"loc":{"start":{"line":126,"column":22},"end":{"line":154,"column":3}}},"7":{"name":"(anonymous_9)","decl":{"start":{"line":139,"column":34},"end":{"line":139,"column":35}},"loc":{"start":{"line":139,"column":39},"end":{"line":139,"column":49}}},"8":{"name":"(anonymous_10)","decl":{"start":{"line":157,"column":10},"end":{"line":157,"column":15}},"loc":{"start":{"line":157,"column":49},"end":{"line":185,"column":3}}},"9":{"name":"(anonymous_11)","decl":{"start":{"line":179,"column":8},"end":{"line":179,"column":9}},"loc":{"start":{"line":180,"column":10},"end":{"line":182,"column":39}}},"10":{"name":"(anonymous_12)","decl":{"start":{"line":188,"column":10},"end":{"line":188,"column":15}},"loc":{"start":{"line":188,"column":68},"end":{"line":222,"column":3}}},"11":{"name":"(anonymous_13)","decl":{"start":{"line":229,"column":2},"end":{"line":229,"column":7}},"loc":{"start":{"line":229,"column":43},"end":{"line":269,"column":3}}},"12":{"name":"(anonymous_14)","decl":{"start":{"line":237,"column":38},"end":{"line":237,"column":39}},"loc":{"start":{"line":237,"column":43},"end":{"line":237,"column":62}}},"13":{"name":"(anonymous_15)","decl":{"start":{"line":255,"column":8},"end":{"line":255,"column":9}},"loc":{"start":{"line":256,"column":10},"end":{"line":259,"column":72}}}},"branchMap":{"0":{"loc":{"start":{"line":55,"column":4},"end":{"line":57,"column":5}},"type":"if","locations":[{"start":{"line":55,"column":4},"end":{"line":57,"column":5}}]},"1":{"loc":{"start":{"line":55,"column":8},"end":{"line":55,"column":44}},"type":"binary-expr","locations":[{"start":{"line":55,"column":8},"end":{"line":55,"column":13}},{"start":{"line":55,"column":17},"end":{"line":55,"column":27}},{"start":{"line":55,"column":31},"end":{"line":55,"column":44}}]},"2":{"loc":{"start":{"line":59,"column":4},"end":{"line":61,"column":5}},"type":"if","locations":[{"start":{"line":59,"column":4},"end":{"line":61,"column":5}}]},"3":{"loc":{"start":{"line":94,"column":37},"end":{"line":94,"column":70}},"type":"binary-expr","locations":[{"start":{"line":94,"column":37},"end":{"line":94,"column":56}},{"start":{"line":94,"column":60},"end":{"line":94,"column":70}}]},"4":{"loc":{"start":{"line":104,"column":6},"end":{"line":104,"column":70}},"type":"if","locations":[{"start":{"line":104,"column":6},"end":{"line":104,"column":70}}]},"5":{"loc":{"start":{"line":112,"column":6},"end":{"line":112,"column":54}},"type":"if","locations":[{"start":{"line":112,"column":6},"end":{"line":112,"column":54}}]},"6":{"loc":{"start":{"line":114,"column":45},"end":{"line":114,"column":84}},"type":"binary-expr","locations":[{"start":{"line":114,"column":45},"end":{"line":114,"column":61}},{"start":{"line":114,"column":65},"end":{"line":114,"column":84}}]},"7":{"loc":{"start":{"line":115,"column":6},"end":{"line":115,"column":56}},"type":"if","locations":[{"start":{"line":115,"column":6},"end":{"line":115,"column":56}}]},"8":{"loc":{"start":{"line":146,"column":6},"end":{"line":149,"column":7}},"type":"if","locations":[{"start":{"line":146,"column":6},"end":{"line":149,"column":7}}]},"9":{"loc":{"start":{"line":180,"column":10},"end":{"line":182,"column":39}},"type":"binary-expr","locations":[{"start":{"line":180,"column":10},"end":{"line":180,"column":69}},{"start":{"line":181,"column":10},"end":{"line":181,"column":36}},{"start":{"line":182,"column":10},"end":{"line":182,"column":39}}]},"10":{"loc":{"start":{"line":191,"column":14},"end":{"line":191,"column":44}},"type":"binary-expr","locations":[{"start":{"line":191,"column":14},"end":{"line":191,"column":26}},{"start":{"line":191,"column":30},"end":{"line":191,"column":44}}]},"11":{"loc":{"start":{"line":207,"column":14},"end":{"line":207,"column":89}},"type":"binary-expr","locations":[{"start":{"line":207,"column":14},"end":{"line":207,"column":24}},{"start":{"line":207,"column":28},"end":{"line":207,"column":89}}]},"12":{"loc":{"start":{"line":240,"column":4},"end":{"line":240,"column":28}},"type":"if","locations":[{"start":{"line":240,"column":4},"end":{"line":240,"column":28}}]},"13":{"loc":{"start":{"line":256,"column":10},"end":{"line":259,"column":72}},"type":"binary-expr","locations":[{"start":{"line":256,"column":10},"end":{"line":256,"column":20}},{"start":{"line":257,"column":10},"end":{"line":257,"column":39}},{"start":{"line":258,"column":10},"end":{"line":258,"column":42}},{"start":{"line":259,"column":10},"end":{"line":259,"column":72}}]}},"s":{"0":0,"1":0,"2":0,"3":0,"4":0,"5":0,"6":0,"7":0,"8":0,"9":0,"10":0,"11":0,"12":0,"13":0,"14":0,"15":0,"16":0,"17":0,"18":0,"19":0,"20":0,"21":0,"22":0,"23":0,"24":0,"25":0,"26":0,"27":0,"28":0,"29":0,"30":0,"31":0,"32":0,"33":0,"34":0,"35":0,"36":0,"37":0,"38":0,"39":0,"40":0,"41":0,"42":0,"43":0,"44":0,"45":0,"46":0,"47":0,"48":0,"49":0,"50":0,"51":0,"52":0,"53":0,"54":0,"55":0,"56":0,"57":0,"58":0,"59":0,"60":0,"61":0,"62":0,"63":0,"64":0,"65":0,"66":0,"67":0,"68":0,"69":0,"70":0,"71":0,"72":0,"73":0,"74":0,"75":0,"76":0,"77":0,"78":0,"79":0,"80":0,"81":0},"f":{"0":0,"1":0,"2":0,"3":0,"4":0,"5":0,"6":0,"7":0,"8":0,"9":0,"10":0,"11":0,"12":0,"13":0},"b":{"0":[0],"1":[0,0,0],"2":[0],"3":[0,0],"4":[0],"5":[0],"6":[0,0],"7":[0],"8":[0],"9":[0,0,0],"10":[0,0],"11":[0,0],"12":[0],"13":[0,0,0,0]}}
,"C:\\Users\\PC\\Desktop\\Inmobiliaria\\backend\\src\\modules\\auth\\auth.controller.ts": {"path":"C:\\Users\\PC\\Desktop\\Inmobiliaria\\backend\\src\\modules\\auth\\auth.controller.ts","statementMap":{"0":{"start":{"line":1,"column":0},"end":{"line":1,"column":111}},"1":{"start":{"line":2,"column":0},"end":{"line":2,"column":66}},"2":{"start":{"line":4,"column":0},"end":{"line":4,"column":45}},"3":{"start":{"line":5,"column":0},"end":{"line":5,"column":41}},"4":{"start":{"line":6,"column":0},"end":{"line":6,"column":66}},"5":{"start":{"line":9,"column":7},"end":{"line":77,"column":null}},"6":{"start":{"line":10,"column":31},"end":{"line":10,"column":44}},"7":{"start":{"line":15,"column":4},"end":{"line":15,"column":40}},"8":{"start":{"line":20,"column":4},"end":{"line":20,"column":43}},"9":{"start":{"line":26,"column":4},"end":{"line":26,"column":16}},"10":{"start":{"line":32,"column":4},"end":{"line":32,"column":49}},"11":{"start":{"line":38,"column":4},"end":{"line":38,"column":16}},"12":{"start":{"line":44,"column":4},"end":{"line":44,"column":49}},"13":{"start":{"line":50,"column":4},"end":{"line":50,"column":16}},"14":{"start":{"line":56,"column":4},"end":{"line":56,"column":49}},"15":{"start":{"line":63,"column":4},"end":{"line":63,"column":66}},"16":{"start":{"line":67,"column":19},"end":{"line":67,"column":62}},"17":{"start":{"line":68,"column":19},"end":{"line":68,"column":74}},"18":{"start":{"line":70,"column":4},"end":{"line":73,"column":6}},"19":{"start":{"line":75,"column":4},"end":{"line":75,"column":44}},"20":{"start":{"line":9,"column":13},"end":{"line":9,"column":27}},"21":{"start":{"line":14,"column":8},"end":{"line":16,"column":null}},"22":{"start":{"line":19,"column":8},"end":{"line":21,"column":null}},"23":{"start":{"line":25,"column":8},"end":{"line":27,"column":null}},"24":{"start":{"line":31,"column":8},"end":{"line":33,"column":null}},"25":{"start":{"line":37,"column":8},"end":{"line":39,"column":null}},"26":{"start":{"line":43,"column":8},"end":{"line":45,"column":null}},"27":{"start":{"line":49,"column":8},"end":{"line":51,"column":null}},"28":{"start":{"line":55,"column":8},"end":{"line":57,"column":null}},"29":{"start":{"line":62,"column":8},"end":{"line":64,"column":null}},"30":{"start":{"line":9,"column":13},"end":{"line":77,"column":null}}},"fnMap":{"0":{"name":"(anonymous_4)","decl":{"start":{"line":10,"column":2},"end":{"line":10,"column":31}},"loc":{"start":{"line":10,"column":55},"end":{"line":10,"column":59}}},"1":{"name":"(anonymous_5)","decl":{"start":{"line":14,"column":2},"end":{"line":14,"column":7}},"loc":{"start":{"line":14,"column":31},"end":{"line":16,"column":3}}},"2":{"name":"(anonymous_6)","decl":{"start":{"line":19,"column":2},"end":{"line":19,"column":7}},"loc":{"start":{"line":19,"column":34},"end":{"line":21,"column":3}}},"3":{"name":"(anonymous_7)","decl":{"start":{"line":25,"column":2},"end":{"line":25,"column":7}},"loc":{"start":{"line":25,"column":18},"end":{"line":27,"column":3}}},"4":{"name":"(anonymous_8)","decl":{"start":{"line":31,"column":2},"end":{"line":31,"column":7}},"loc":{"start":{"line":31,"column":60},"end":{"line":33,"column":3}}},"5":{"name":"(anonymous_9)","decl":{"start":{"line":37,"column":2},"end":{"line":37,"column":7}},"loc":{"start":{"line":37,"column":20},"end":{"line":39,"column":3}}},"6":{"name":"(anonymous_10)","decl":{"start":{"line":43,"column":2},"end":{"line":43,"column":7}},"loc":{"start":{"line":43,"column":62},"end":{"line":45,"column":3}}},"7":{"name":"(anonymous_11)","decl":{"start":{"line":49,"column":2},"end":{"line":49,"column":7}},"loc":{"start":{"line":49,"column":17},"end":{"line":51,"column":3}}},"8":{"name":"(anonymous_12)","decl":{"start":{"line":55,"column":2},"end":{"line":55,"column":7}},"loc":{"start":{"line":55,"column":59},"end":{"line":57,"column":3}}},"9":{"name":"(anonymous_13)","decl":{"start":{"line":62,"column":2},"end":{"line":62,"column":7}},"loc":{"start":{"line":62,"column":77},"end":{"line":64,"column":3}}},"10":{"name":"(anonymous_14)","decl":{"start":{"line":66,"column":10},"end":{"line":66,"column":15}},"loc":{"start":{"line":66,"column":61},"end":{"line":76,"column":3}}}},"branchMap":{"0":{"loc":{"start":{"line":68,"column":19},"end":{"line":68,"column":74}},"type":"cond-expr","locations":[{"start":{"line":68,"column":59},"end":{"line":68,"column":69}},{"start":{"line":68,"column":72},"end":{"line":68,"column":74}}]}},"s":{"0":0,"1":0,"2":0,"3":0,"4":0,"5":0,"6":0,"7":0,"8":0,"9":0,"10":0,"11":0,"12":0,"13":0,"14":0,"15":0,"16":0,"17":0,"18":0,"19":0,"20":0,"21":0,"22":0,"23":0,"24":0,"25":0,"26":0,"27":0,"28":0,"29":0,"30":0},"f":{"0":0,"1":0,"2":0,"3":0,"4":0,"5":0,"6":0,"7":0,"8":0,"9":0,"10":0},"b":{"0":[0,0]}}
,"C:\\Users\\PC\\Desktop\\Inmobiliaria\\backend\\src\\modules\\auth\\auth.guard.ts": {"path":"C:\\Users\\PC\\Desktop\\Inmobiliaria\\backend\\src\\modules\\auth\\auth.guard.ts","statementMap":{"0":{"start":{"line":1,"column":0},"end":{"line":1,"column":98}},"1":{"start":{"line":2,"column":0},"end":{"line":2,"column":41}},"2":{"start":{"line":5,"column":7},"end":{"line":65,"column":null}},"3":{"start":{"line":6,"column":31},"end":{"line":6,"column":43}},"4":{"start":{"line":9,"column":20},"end":{"line":9,"column":55}},"5":{"start":{"line":10,"column":23},"end":{"line":10,"column":52}},"6":{"start":{"line":12,"column":4},"end":{"line":14,"column":5}},"7":{"start":{"line":13,"column":6},"end":{"line":13,"column":81}},"8":{"start":{"line":16,"column":18},"end":{"line":16,"column":39}},"9":{"start":{"line":17,"column":4},"end":{"line":19,"column":5}},"10":{"start":{"line":18,"column":6},"end":{"line":18,"column":99}},"11":{"start":{"line":21,"column":18},"end":{"line":21,"column":26}},"12":{"start":{"line":22,"column":4},"end":{"line":24,"column":5}},"13":{"start":{"line":23,"column":6},"end":{"line":23,"column":63}},"14":{"start":{"line":27,"column":4},"end":{"line":45,"column":5}},"15":{"start":{"line":28,"column":6},"end":{"line":44,"column":7}},"16":{"start":{"line":29,"column":8},"end":{"line":34,"column":10}},"17":{"start":{"line":35,"column":8},"end":{"line":35,"column":20}},"18":{"start":{"line":36,"column":13},"end":{"line":44,"column":7}},"19":{"start":{"line":37,"column":8},"end":{"line":42,"column":10}},"20":{"start":{"line":43,"column":8},"end":{"line":43,"column":20}},"21":{"start":{"line":48,"column":4},"end":{"line":63,"column":5}},"22":{"start":{"line":49,"column":22},"end":{"line":51,"column":8}},"23":{"start":{"line":54,"column":6},"end":{"line":58,"column":8}},"24":{"start":{"line":60,"column":6},"end":{"line":60,"column":18}},"25":{"start":{"line":62,"column":6},"end":{"line":62,"column":83}},"26":{"start":{"line":5,"column":13},"end":{"line":5,"column":22}},"27":{"start":{"line":5,"column":13},"end":{"line":65,"column":null}}},"fnMap":{"0":{"name":"(anonymous_2)","decl":{"start":{"line":6,"column":2},"end":{"line":6,"column":31}},"loc":{"start":{"line":6,"column":53},"end":{"line":6,"column":57}}},"1":{"name":"(anonymous_3)","decl":{"start":{"line":8,"column":2},"end":{"line":8,"column":7}},"loc":{"start":{"line":8,"column":45},"end":{"line":64,"column":3}}}},"branchMap":{"0":{"loc":{"start":{"line":12,"column":4},"end":{"line":14,"column":5}},"type":"if","locations":[{"start":{"line":12,"column":4},"end":{"line":14,"column":5}}]},"1":{"loc":{"start":{"line":17,"column":4},"end":{"line":19,"column":5}},"type":"if","locations":[{"start":{"line":17,"column":4},"end":{"line":19,"column":5}}]},"2":{"loc":{"start":{"line":17,"column":8},"end":{"line":17,"column":65}},"type":"binary-expr","locations":[{"start":{"line":17,"column":8},"end":{"line":17,"column":26}},{"start":{"line":17,"column":30},"end":{"line":17,"column":65}}]},"3":{"loc":{"start":{"line":22,"column":4},"end":{"line":24,"column":5}},"type":"if","locations":[{"start":{"line":22,"column":4},"end":{"line":24,"column":5}}]},"4":{"loc":{"start":{"line":27,"column":4},"end":{"line":45,"column":5}},"type":"if","locations":[{"start":{"line":27,"column":4},"end":{"line":45,"column":5}}]},"5":{"loc":{"start":{"line":28,"column":6},"end":{"line":44,"column":7}},"type":"if","locations":[{"start":{"line":28,"column":6},"end":{"line":44,"column":7}},{"start":{"line":36,"column":13},"end":{"line":44,"column":7}}]},"6":{"loc":{"start":{"line":36,"column":13},"end":{"line":44,"column":7}},"type":"if","locations":[{"start":{"line":36,"column":13},"end":{"line":44,"column":7}}]},"7":{"loc":{"start":{"line":50,"column":16},"end":{"line":50,"column":108}},"type":"binary-expr","locations":[{"start":{"line":50,"column":16},"end":{"line":50,"column":38}},{"start":{"line":50,"column":42},"end":{"line":50,"column":108}}]}},"s":{"0":3,"1":3,"2":3,"3":11,"4":17,"5":17,"6":17,"7":1,"8":16,"9":16,"10":2,"11":14,"12":14,"13":1,"14":13,"15":10,"16":7,"17":7,"18":3,"19":1,"20":1,"21":5,"22":5,"23":1,"24":1,"25":4,"26":3,"27":3},"f":{"0":11,"1":17},"b":{"0":[1],"1":[2],"2":[16,15],"3":[1],"4":[10],"5":[7,3],"6":[1],"7":[5,5]}}
,"C:\\Users\\PC\\Desktop\\Inmobiliaria\\backend\\src\\modules\\auth\\auth.service.ts": {"path":"C:\\Users\\PC\\Desktop\\Inmobiliaria\\backend\\src\\modules\\auth\\auth.service.ts","statementMap":{"0":{"start":{"line":1,"column":0},"end":{"line":1,"column":96}},"1":{"start":{"line":2,"column":0},"end":{"line":2,"column":41}},"2":{"start":{"line":3,"column":0},"end":{"line":3,"column":33}},"3":{"start":{"line":4,"column":0},"end":{"line":4,"column":60}},"4":{"start":{"line":9,"column":24},"end":{"line":241,"column":null}},"5":{"start":{"line":40,"column":21},"end":{"line":40,"column":29}},"6":{"start":{"line":41,"column":21},"end":{"line":41,"column":33}},"7":{"start":{"line":10,"column":19},"end":{"line":10,"column":57}},"8":{"start":{"line":12,"column":19},"end":{"line":37,"column":4}},"9":{"start":{"line":45,"column":32},"end":{"line":45,"column":43}},"10":{"start":{"line":46,"column":4},"end":{"line":48,"column":5}},"11":{"start":{"line":47,"column":6},"end":{"line":47,"column":64}},"12":{"start":{"line":50,"column":20},"end":{"line":50,"column":24}},"13":{"start":{"line":51,"column":28},"end":{"line":51,"column":62}},"14":{"start":{"line":53,"column":4},"end":{"line":70,"column":5}},"15":{"start":{"line":54,"column":6},"end":{"line":56,"column":9}},"16":{"start":{"line":58,"column":6},"end":{"line":58,"column":108}},"17":{"start":{"line":59,"column":23},"end":{"line":59,"column":78}},"18":{"start":{"line":59,"column":50},"end":{"line":59,"column":77}},"19":{"start":{"line":60,"column":6},"end":{"line":69,"column":7}},"20":{"start":{"line":61,"column":8},"end":{"line":68,"column":10}},"21":{"start":{"line":72,"column":4},"end":{"line":74,"column":5}},"22":{"start":{"line":73,"column":6},"end":{"line":73,"column":64}},"23":{"start":{"line":76,"column":4},"end":{"line":78,"column":5}},"24":{"start":{"line":77,"column":6},"end":{"line":77,"column":110}},"25":{"start":{"line":80,"column":28},"end":{"line":80,"column":73}},"26":{"start":{"line":81,"column":4},"end":{"line":83,"column":5}},"27":{"start":{"line":82,"column":6},"end":{"line":82,"column":64}},"28":{"start":{"line":85,"column":4},"end":{"line":89,"column":6}},"29":{"start":{"line":93,"column":38},"end":{"line":93,"column":42}},"30":{"start":{"line":94,"column":4},"end":{"line":96,"column":5}},"31":{"start":{"line":95,"column":6},"end":{"line":95,"column":69}},"32":{"start":{"line":98,"column":28},"end":{"line":98,"column":62}},"33":{"start":{"line":99,"column":27},"end":{"line":99,"column":58}},"34":{"start":{"line":101,"column":4},"end":{"line":141,"column":5}},"35":{"start":{"line":102,"column":22},"end":{"line":110,"column":8}},"36":{"start":{"line":112,"column":6},"end":{"line":115,"column":8}},"37":{"start":{"line":117,"column":6},"end":{"line":117,"column":92}},"38":{"start":{"line":119,"column":21},"end":{"line":119,"column":41}},"39":{"start":{"line":120,"column":23},"end":{"line":126,"column":8}},"40":{"start":{"line":128,"column":6},"end":{"line":135,"column":9}},"41":{"start":{"line":137,"column":6},"end":{"line":140,"column":8}},"42":{"start":{"line":145,"column":18},"end":{"line":145,"column":52}},"43":{"start":{"line":147,"column":17},"end":{"line":172,"column":6}},"44":{"start":{"line":148,"column":23},"end":{"line":148,"column":69}},"45":{"start":{"line":150,"column":6},"end":{"line":159,"column":7}},"46":{"start":{"line":151,"column":8},"end":{"line":158,"column":11}},"47":{"start":{"line":161,"column":6},"end":{"line":171,"column":9}},"48":{"start":{"line":174,"column":18},"end":{"line":174,"column":37}},"49":{"start":{"line":175,"column":24},"end":{"line":175,"column":110}},"50":{"start":{"line":176,"column":21},"end":{"line":178,"column":21}},"51":{"start":{"line":180,"column":4},"end":{"line":184,"column":6}},"52":{"start":{"line":188,"column":17},"end":{"line":196,"column":6}},"53":{"start":{"line":198,"column":4},"end":{"line":203,"column":6}},"54":{"start":{"line":207,"column":4},"end":{"line":213,"column":7}},"55":{"start":{"line":217,"column":4},"end":{"line":226,"column":6}},"56":{"start":{"line":230,"column":4},"end":{"line":239,"column":5}},"57":{"start":{"line":232,"column":8},"end":{"line":232,"column":34}},"58":{"start":{"line":234,"column":8},"end":{"line":234,"column":32}},"59":{"start":{"line":236,"column":8},"end":{"line":236,"column":91}},"60":{"start":{"line":238,"column":8},"end":{"line":238,"column":19}},"61":{"start":{"line":9,"column":13},"end":{"line":9,"column":24}},"62":{"start":{"line":9,"column":13},"end":{"line":241,"column":null}}},"fnMap":{"0":{"name":"(anonymous_2)","decl":{"start":{"line":39,"column":2},"end":{"line":39,"column":null}},"loc":{"start":{"line":41,"column":43},"end":{"line":42,"column":6}}},"1":{"name":"(anonymous_3)","decl":{"start":{"line":44,"column":2},"end":{"line":44,"column":7}},"loc":{"start":{"line":44,"column":30},"end":{"line":90,"column":3}}},"2":{"name":"(anonymous_4)","decl":{"start":{"line":59,"column":43},"end":{"line":59,"column":44}},"loc":{"start":{"line":59,"column":50},"end":{"line":59,"column":77}}},"3":{"name":"(anonymous_5)","decl":{"start":{"line":92,"column":2},"end":{"line":92,"column":7}},"loc":{"start":{"line":92,"column":26},"end":{"line":142,"column":3}}},"4":{"name":"(anonymous_6)","decl":{"start":{"line":144,"column":2},"end":{"line":144,"column":7}},"loc":{"start":{"line":144,"column":41},"end":{"line":185,"column":3}}},"5":{"name":"(anonymous_7)","decl":{"start":{"line":147,"column":48},"end":{"line":147,"column":53}},"loc":{"start":{"line":147,"column":61},"end":{"line":172,"column":5}}},"6":{"name":"(anonymous_8)","decl":{"start":{"line":187,"column":2},"end":{"line":187,"column":7}},"loc":{"start":{"line":187,"column":67},"end":{"line":204,"column":3}}},"7":{"name":"(anonymous_9)","decl":{"start":{"line":206,"column":10},"end":{"line":206,"column":18}},"loc":{"start":{"line":206,"column":28},"end":{"line":214,"column":3}}},"8":{"name":"(anonymous_10)","decl":{"start":{"line":216,"column":10},"end":{"line":216,"column":22}},"loc":{"start":{"line":216,"column":32},"end":{"line":227,"column":3}}},"9":{"name":"(anonymous_11)","decl":{"start":{"line":229,"column":10},"end":{"line":229,"column":26}},"loc":{"start":{"line":229,"column":66},"end":{"line":240,"column":3}}}},"branchMap":{"0":{"loc":{"start":{"line":46,"column":4},"end":{"line":48,"column":5}},"type":"if","locations":[{"start":{"line":46,"column":4},"end":{"line":48,"column":5}}]},"1":{"loc":{"start":{"line":46,"column":8},"end":{"line":46,"column":27}},"type":"binary-expr","locations":[{"start":{"line":46,"column":8},"end":{"line":46,"column":14}},{"start":{"line":46,"column":18},"end":{"line":46,"column":27}}]},"2":{"loc":{"start":{"line":60,"column":6},"end":{"line":69,"column":7}},"type":"if","locations":[{"start":{"line":60,"column":6},"end":{"line":69,"column":7}}]},"3":{"loc":{"start":{"line":72,"column":4},"end":{"line":74,"column":5}},"type":"if","locations":[{"start":{"line":72,"column":4},"end":{"line":74,"column":5}}]},"4":{"loc":{"start":{"line":76,"column":4},"end":{"line":78,"column":5}},"type":"if","locations":[{"start":{"line":76,"column":4},"end":{"line":78,"column":5}}]},"5":{"loc":{"start":{"line":81,"column":4},"end":{"line":83,"column":5}},"type":"if","locations":[{"start":{"line":81,"column":4},"end":{"line":83,"column":5}}]},"6":{"loc":{"start":{"line":94,"column":4},"end":{"line":96,"column":5}},"type":"if","locations":[{"start":{"line":94,"column":4},"end":{"line":96,"column":5}}]},"7":{"loc":{"start":{"line":94,"column":8},"end":{"line":94,"column":27}},"type":"binary-expr","locations":[{"start":{"line":94,"column":8},"end":{"line":94,"column":14}},{"start":{"line":94,"column":18},"end":{"line":94,"column":27}}]},"8":{"loc":{"start":{"line":106,"column":16},"end":{"line":106,"column":28}},"type":"binary-expr","locations":[{"start":{"line":106,"column":16},"end":{"line":106,"column":20}},{"start":{"line":106,"column":24},"end":{"line":106,"column":28}}]},"9":{"loc":{"start":{"line":123,"column":14},"end":{"line":123,"column":40}},"type":"binary-expr","locations":[{"start":{"line":123,"column":14},"end":{"line":123,"column":18}},{"start":{"line":123,"column":22},"end":{"line":123,"column":40}}]},"10":{"loc":{"start":{"line":150,"column":6},"end":{"line":159,"column":7}},"type":"if","locations":[{"start":{"line":150,"column":6},"end":{"line":159,"column":7}}]},"11":{"loc":{"start":{"line":156,"column":18},"end":{"line":156,"column":55}},"type":"binary-expr","locations":[{"start":{"line":156,"column":18},"end":{"line":156,"column":31}},{"start":{"line":156,"column":35},"end":{"line":156,"column":47}},{"start":{"line":156,"column":51},"end":{"line":156,"column":55}}]},"12":{"loc":{"start":{"line":165,"column":16},"end":{"line":165,"column":36}},"type":"binary-expr","locations":[{"start":{"line":165,"column":16},"end":{"line":165,"column":28}},{"start":{"line":165,"column":32},"end":{"line":165,"column":36}}]},"13":{"loc":{"start":{"line":175,"column":24},"end":{"line":175,"column":110}},"type":"binary-expr","locations":[{"start":{"line":175,"column":24},"end":{"line":175,"column":55}},{"start":{"line":175,"column":59},"end":{"line":175,"column":83}},{"start":{"line":175,"column":87},"end":{"line":175,"column":110}}]},"14":{"loc":{"start":{"line":176,"column":21},"end":{"line":178,"column":21}},"type":"cond-expr","locations":[{"start":{"line":177,"column":8},"end":{"line":177,"column":56}},{"start":{"line":178,"column":8},"end":{"line":178,"column":21}}]},"15":{"loc":{"start":{"line":211,"column":17},"end":{"line":211,"column":39}},"type":"binary-expr","locations":[{"start":{"line":211,"column":17},"end":{"line":211,"column":31}},{"start":{"line":211,"column":35},"end":{"line":211,"column":39}}]},"16":{"loc":{"start":{"line":222,"column":17},"end":{"line":222,"column":39}},"type":"binary-expr","locations":[{"start":{"line":222,"column":17},"end":{"line":222,"column":31}},{"start":{"line":222,"column":35},"end":{"line":222,"column":39}}]},"17":{"loc":{"start":{"line":223,"column":24},"end":{"line":223,"column":53}},"type":"binary-expr","locations":[{"start":{"line":223,"column":24},"end":{"line":223,"column":45}},{"start":{"line":223,"column":49},"end":{"line":223,"column":53}}]},"18":{"loc":{"start":{"line":224,"column":21},"end":{"line":224,"column":47}},"type":"binary-expr","locations":[{"start":{"line":224,"column":21},"end":{"line":224,"column":39}},{"start":{"line":224,"column":43},"end":{"line":224,"column":47}}]},"19":{"loc":{"start":{"line":230,"column":4},"end":{"line":239,"column":5}},"type":"switch","locations":[{"start":{"line":231,"column":6},"end":{"line":232,"column":34}},{"start":{"line":233,"column":6},"end":{"line":234,"column":32}},{"start":{"line":235,"column":6},"end":{"line":236,"column":91}},{"start":{"line":237,"column":6},"end":{"line":238,"column":19}}]},"20":{"loc":{"start":{"line":236,"column":15},"end":{"line":236,"column":90}},"type":"cond-expr","locations":[{"start":{"line":236,"column":40},"end":{"line":236,"column":63}},{"start":{"line":236,"column":66},"end":{"line":236,"column":90}}]}},"s":{"0":0,"1":0,"2":0,"3":0,"4":0,"5":0,"6":0,"7":0,"8":0,"9":0,"10":0,"11":0,"12":0,"13":0,"14":0,"15":0,"16":0,"17":0,"18":0,"19":0,"20":0,"21":0,"22":0,"23":0,"24":0,"25":0,"26":0,"27":0,"28":0,"29":0,"30":0,"31":0,"32":0,"33":0,"34":0,"35":0,"36":0,"37":0,"38":0,"39":0,"40":0,"41":0,"42":0,"43":0,"44":0,"45":0,"46":0,"47":0,"48":0,"49":0,"50":0,"51":0,"52":0,"53":0,"54":0,"55":0,"56":0,"57":0,"58":0,"59":0,"60":0,"61":0,"62":0},"f":{"0":0,"1":0,"2":0,"3":0,"4":0,"5":0,"6":0,"7":0,"8":0,"9":0},"b":{"0":[0],"1":[0,0],"2":[0],"3":[0],"4":[0],"5":[0],"6":[0],"7":[0,0],"8":[0,0],"9":[0,0],"10":[0],"11":[0,0,0],"12":[0,0],"13":[0,0,0],"14":[0,0],"15":[0,0],"16":[0,0],"17":[0,0],"18":[0,0],"19":[0,0,0,0],"20":[0,0]}}
,"C:\\Users\\PC\\Desktop\\Inmobiliaria\\backend\\src\\modules\\auth\\roles.decorator.ts": {"path":"C:\\Users\\PC\\Desktop\\Inmobiliaria\\backend\\src\\modules\\auth\\roles.decorator.ts","statementMap":{"0":{"start":{"line":1,"column":0},"end":{"line":1,"column":45}},"1":{"start":{"line":3,"column":13},"end":{"line":3,"column":33}},"2":{"start":{"line":4,"column":21},"end":{"line":4,"column":74}},"3":{"start":{"line":4,"column":45},"end":{"line":4,"column":74}},"4":{"start":{"line":4,"column":13},"end":{"line":4,"column":21}}},"fnMap":{"0":{"name":"(anonymous_0)","decl":{"start":{"line":4,"column":21},"end":{"line":4,"column":22}},"loc":{"start":{"line":4,"column":45},"end":{"line":4,"column":74}}}},"branchMap":{},"s":{"0":2,"1":2,"2":2,"3":2,"4":2},"f":{"0":2},"b":{}}
,"C:\\Users\\PC\\Desktop\\Inmobiliaria\\backend\\src\\modules\\auth\\roles.guard.ts": {"path":"C:\\Users\\PC\\Desktop\\Inmobiliaria\\backend\\src\\modules\\auth\\roles.guard.ts","statementMap":{"0":{"start":{"line":1,"column":0},"end":{"line":1,"column":95}},"1":{"start":{"line":2,"column":0},"end":{"line":2,"column":41}},"2":{"start":{"line":3,"column":0},"end":{"line":3,"column":46}},"3":{"start":{"line":6,"column":7},"end":{"line":31,"column":null}},"4":{"start":{"line":7,"column":22},"end":{"line":7,"column":33}},"5":{"start":{"line":10,"column":26},"end":{"line":13,"column":6}},"6":{"start":{"line":15,"column":4},"end":{"line":17,"column":5}},"7":{"start":{"line":16,"column":6},"end":{"line":16,"column":18}},"8":{"start":{"line":19,"column":21},"end":{"line":19,"column":56}},"9":{"start":{"line":20,"column":4},"end":{"line":22,"column":5}},"10":{"start":{"line":21,"column":6},"end":{"line":21,"column":83}},"11":{"start":{"line":24,"column":20},"end":{"line":24,"column":53}},"12":{"start":{"line":25,"column":4},"end":{"line":27,"column":5}},"13":{"start":{"line":26,"column":6},"end":{"line":26,"column":116}},"14":{"start":{"line":29,"column":4},"end":{"line":29,"column":16}},"15":{"start":{"line":6,"column":13},"end":{"line":6,"column":23}},"16":{"start":{"line":6,"column":13},"end":{"line":31,"column":null}}},"fnMap":{"0":{"name":"(anonymous_2)","decl":{"start":{"line":7,"column":2},"end":{"line":7,"column":22}},"loc":{"start":{"line":7,"column":42},"end":{"line":7,"column":46}}},"1":{"name":"(anonymous_3)","decl":{"start":{"line":9,"column":2},"end":{"line":9,"column":13}},"loc":{"start":{"line":9,"column":39},"end":{"line":30,"column":3}}}},"branchMap":{"0":{"loc":{"start":{"line":15,"column":4},"end":{"line":17,"column":5}},"type":"if","locations":[{"start":{"line":15,"column":4},"end":{"line":17,"column":5}}]},"1":{"loc":{"start":{"line":15,"column":8},"end":{"line":15,"column":52}},"type":"binary-expr","locations":[{"start":{"line":15,"column":8},"end":{"line":15,"column":22}},{"start":{"line":15,"column":26},"end":{"line":15,"column":52}}]},"2":{"loc":{"start":{"line":20,"column":4},"end":{"line":22,"column":5}},"type":"if","locations":[{"start":{"line":20,"column":4},"end":{"line":22,"column":5}}]},"3":{"loc":{"start":{"line":25,"column":4},"end":{"line":27,"column":5}},"type":"if","locations":[{"start":{"line":25,"column":4},"end":{"line":27,"column":5}}]}},"s":{"0":2,"1":2,"2":2,"3":2,"4":1,"5":6,"6":6,"7":0,"8":6,"9":6,"10":0,"11":6,"12":6,"13":0,"14":6,"15":2,"16":2},"f":{"0":1,"1":6},"b":{"0":[0],"1":[6,6],"2":[0],"3":[0]}}
,"C:\\Users\\PC\\Desktop\\Inmobiliaria\\backend\\src\\modules\\auth\\dto\\update-onboarding.dto.ts": {"path":"C:\\Users\\PC\\Desktop\\Inmobiliaria\\backend\\src\\modules\\auth\\dto\\update-onboarding.dto.ts","statementMap":{"0":{"start":{"line":1,"column":0},"end":{"line":1,"column":50}},"1":{"start":{"line":3,"column":0},"end":{"line":3,"column":null}},"2":{"start":{"line":4,"column":2},"end":{"line":4,"column":null}},"3":{"start":{"line":5,"column":2},"end":{"line":5,"column":null}},"4":{"start":{"line":6,"column":2},"end":{"line":6,"column":null}},"5":{"start":{"line":9,"column":0},"end":{"line":9,"column":null}},"6":{"start":{"line":10,"column":2},"end":{"line":10,"column":null}},"7":{"start":{"line":11,"column":2},"end":{"line":11,"column":null}},"8":{"start":{"line":12,"column":2},"end":{"line":12,"column":null}},"9":{"start":{"line":15,"column":0},"end":{"line":15,"column":13}},"10":{"start":{"line":17,"column":2},"end":{"line":17,"column":null}},"11":{"start":{"line":20,"column":2},"end":{"line":20,"column":null}},"12":{"start":{"line":25,"column":2},"end":{"line":25,"column":null}}},"fnMap":{"0":{"name":"(anonymous_2)","decl":{"start":{"line":3,"column":0},"end":{"line":3,"column":12}},"loc":{"start":{"line":3,"column":31},"end":{"line":7,"column":1}}},"1":{"name":"(anonymous_3)","decl":{"start":{"line":9,"column":0},"end":{"line":9,"column":12}},"loc":{"start":{"line":9,"column":38},"end":{"line":13,"column":1}}}},"branchMap":{"0":{"loc":{"start":{"line":3,"column":12},"end":{"line":3,"column":null}},"type":"binary-expr","locations":[{"start":{"line":3,"column":12},"end":{"line":3,"column":31}},{"start":{"line":3,"column":31},"end":{"line":3,"column":null}}]},"1":{"loc":{"start":{"line":9,"column":12},"end":{"line":9,"column":null}},"type":"binary-expr","locations":[{"start":{"line":9,"column":12},"end":{"line":9,"column":38}},{"start":{"line":9,"column":38},"end":{"line":9,"column":null}}]}},"s":{"0":0,"1":0,"2":0,"3":0,"4":0,"5":0,"6":0,"7":0,"8":0,"9":0,"10":0,"11":0,"12":0},"f":{"0":0,"1":0},"b":{"0":[0,0],"1":[0,0]}}
,"C:\\Users\\PC\\Desktop\\Inmobiliaria\\backend\\src\\modules\\auth\\strategies\\apple.strategy.ts": {"path":"C:\\Users\\PC\\Desktop\\Inmobiliaria\\backend\\src\\modules\\auth\\strategies\\apple.strategy.ts","statementMap":{"0":{"start":{"line":1,"column":0},"end":{"line":1,"column":44}},"1":{"start":{"line":2,"column":0},"end":{"line":2,"column":52}},"2":{"start":{"line":3,"column":0},"end":{"line":3,"column":74}},"3":{"start":{"line":6,"column":30},"end":{"line":6,"column":64}},"4":{"start":{"line":9,"column":7},"end":{"line":42,"column":null}},"5":{"start":{"line":11,"column":4},"end":{"line":19,"column":7}},"6":{"start":{"line":23,"column":23},"end":{"line":23,"column":50}},"7":{"start":{"line":24,"column":18},"end":{"line":24,"column":50}},"8":{"start":{"line":25,"column":17},"end":{"line":27,"column":17}},"9":{"start":{"line":29,"column":4},"end":{"line":31,"column":5}},"10":{"start":{"line":30,"column":6},"end":{"line":30,"column":80}},"11":{"start":{"line":33,"column":31},"end":{"line":38,"column":6}},"12":{"start":{"line":40,"column":4},"end":{"line":40,"column":28}},"13":{"start":{"line":9,"column":13},"end":{"line":9,"column":26}},"14":{"start":{"line":9,"column":13},"end":{"line":42,"column":null}}},"fnMap":{"0":{"name":"(anonymous_2)","decl":{"start":{"line":10,"column":2},"end":{"line":10,"column":null}},"loc":{"start":{"line":10,"column":2},"end":{"line":20,"column":3}}},"1":{"name":"(anonymous_3)","decl":{"start":{"line":22,"column":2},"end":{"line":22,"column":10}},"loc":{"start":{"line":22,"column":93},"end":{"line":41,"column":3}}}},"branchMap":{"0":{"loc":{"start":{"line":23,"column":23},"end":{"line":23,"column":50}},"type":"binary-expr","locations":[{"start":{"line":23,"column":23},"end":{"line":23,"column":35}},{"start":{"line":23,"column":39},"end":{"line":23,"column":50}}]},"1":{"loc":{"start":{"line":24,"column":18},"end":{"line":24,"column":50}},"type":"binary-expr","locations":[{"start":{"line":24,"column":18},"end":{"line":24,"column":32}},{"start":{"line":24,"column":36},"end":{"line":24,"column":50}}]},"2":{"loc":{"start":{"line":25,"column":17},"end":{"line":27,"column":17}},"type":"cond-expr","locations":[{"start":{"line":26,"column":8},"end":{"line":26,"column":81}},{"start":{"line":27,"column":8},"end":{"line":27,"column":17}}]},"3":{"loc":{"start":{"line":29,"column":4},"end":{"line":31,"column":5}},"type":"if","locations":[{"start":{"line":29,"column":4},"end":{"line":31,"column":5}}]},"4":{"loc":{"start":{"line":29,"column":8},"end":{"line":29,"column":29}},"type":"binary-expr","locations":[{"start":{"line":29,"column":8},"end":{"line":29,"column":19}},{"start":{"line":29,"column":23},"end":{"line":29,"column":29}}]}},"s":{"0":0,"1":0,"2":0,"3":0,"4":0,"5":0,"6":0,"7":0,"8":0,"9":0,"10":0,"11":0,"12":0,"13":0,"14":0},"f":{"0":0,"1":0},"b":{"0":[0,0],"1":[0,0],"2":[0,0],"3":[0],"4":[0,0]}}
,"C:\\Users\\PC\\Desktop\\Inmobiliaria\\backend\\src\\modules\\auth\\strategies\\facebook.strategy.ts": {"path":"C:\\Users\\PC\\Desktop\\Inmobiliaria\\backend\\src\\modules\\auth\\strategies\\facebook.strategy.ts","statementMap":{"0":{"start":{"line":1,"column":0},"end":{"line":1,"column":44}},"1":{"start":{"line":2,"column":0},"end":{"line":2,"column":52}},"2":{"start":{"line":3,"column":0},"end":{"line":3,"column":54}},"3":{"start":{"line":4,"column":0},"end":{"line":4,"column":74}},"4":{"start":{"line":7,"column":7},"end":{"line":33,"column":null}},"5":{"start":{"line":9,"column":4},"end":{"line":15,"column":7}},"6":{"start":{"line":19,"column":18},"end":{"line":19,"column":44}},"7":{"start":{"line":20,"column":4},"end":{"line":22,"column":5}},"8":{"start":{"line":21,"column":6},"end":{"line":21,"column":83}},"9":{"start":{"line":24,"column":31},"end":{"line":29,"column":6}},"10":{"start":{"line":31,"column":4},"end":{"line":31,"column":28}},"11":{"start":{"line":7,"column":13},"end":{"line":7,"column":29}},"12":{"start":{"line":7,"column":13},"end":{"line":33,"column":null}}},"fnMap":{"0":{"name":"(anonymous_2)","decl":{"start":{"line":8,"column":2},"end":{"line":8,"column":null}},"loc":{"start":{"line":8,"column":2},"end":{"line":16,"column":3}}},"1":{"name":"(anonymous_3)","decl":{"start":{"line":18,"column":2},"end":{"line":18,"column":10}},"loc":{"start":{"line":18,"column":83},"end":{"line":32,"column":3}}}},"branchMap":{"0":{"loc":{"start":{"line":20,"column":4},"end":{"line":22,"column":5}},"type":"if","locations":[{"start":{"line":20,"column":4},"end":{"line":22,"column":5}}]}},"s":{"0":0,"1":0,"2":0,"3":0,"4":0,"5":0,"6":0,"7":0,"8":0,"9":0,"10":0,"11":0,"12":0},"f":{"0":0,"1":0},"b":{"0":[0]}}
,"C:\\Users\\PC\\Desktop\\Inmobiliaria\\backend\\src\\modules\\auth\\strategies\\google.strategy.ts": {"path":"C:\\Users\\PC\\Desktop\\Inmobiliaria\\backend\\src\\modules\\auth\\strategies\\google.strategy.ts","statementMap":{"0":{"start":{"line":1,"column":0},"end":{"line":1,"column":44}},"1":{"start":{"line":2,"column":0},"end":{"line":2,"column":52}},"2":{"start":{"line":3,"column":0},"end":{"line":3,"column":76}},"3":{"start":{"line":4,"column":0},"end":{"line":4,"column":74}},"4":{"start":{"line":7,"column":7},"end":{"line":32,"column":null}},"5":{"start":{"line":9,"column":4},"end":{"line":14,"column":7}},"6":{"start":{"line":18,"column":18},"end":{"line":18,"column":44}},"7":{"start":{"line":19,"column":4},"end":{"line":21,"column":5}},"8":{"start":{"line":20,"column":6},"end":{"line":20,"column":81}},"9":{"start":{"line":23,"column":31},"end":{"line":28,"column":6}},"10":{"start":{"line":30,"column":4},"end":{"line":30,"column":28}},"11":{"start":{"line":7,"column":13},"end":{"line":7,"column":27}},"12":{"start":{"line":7,"column":13},"end":{"line":32,"column":null}}},"fnMap":{"0":{"name":"(anonymous_2)","decl":{"start":{"line":8,"column":2},"end":{"line":8,"column":null}},"loc":{"start":{"line":8,"column":2},"end":{"line":15,"column":3}}},"1":{"name":"(anonymous_3)","decl":{"start":{"line":17,"column":2},"end":{"line":17,"column":10}},"loc":{"start":{"line":17,"column":94},"end":{"line":31,"column":3}}}},"branchMap":{"0":{"loc":{"start":{"line":19,"column":4},"end":{"line":21,"column":5}},"type":"if","locations":[{"start":{"line":19,"column":4},"end":{"line":21,"column":5}}]}},"s":{"0":0,"1":0,"2":0,"3":0,"4":0,"5":0,"6":0,"7":0,"8":0,"9":0,"10":0,"11":0,"12":0},"f":{"0":0,"1":0},"b":{"0":[0]}}
,"C:\\Users\\PC\\Desktop\\Inmobiliaria\\backend\\src\\modules\\auth\\strategies\\oauth-profile.ts": {"path":"C:\\Users\\PC\\Desktop\\Inmobiliaria\\backend\\src\\modules\\auth\\strategies\\oauth-profile.ts","statementMap":{"0":{"start":{"line":10,"column":0},"end":{"line":10,"column":16}},"1":{"start":{"line":18,"column":0},"end":{"line":18,"column":16}},"2":{"start":{"line":11,"column":16},"end":{"line":11,"column":33}},"3":{"start":{"line":12,"column":2},"end":{"line":14,"column":3}},"4":{"start":{"line":13,"column":4},"end":{"line":13,"column":82}},"5":{"start":{"line":15,"column":2},"end":{"line":15,"column":15}},"6":{"start":{"line":19,"column":2},"end":{"line":19,"column":94}}},"fnMap":{"0":{"name":"requireEnv","decl":{"start":{"line":10,"column":16},"end":{"line":10,"column":26}},"loc":{"start":{"line":10,"column":39},"end":{"line":16,"column":1}}},"1":{"name":"getBackendUrl","decl":{"start":{"line":18,"column":16},"end":{"line":18,"column":29}},"loc":{"start":{"line":18,"column":29},"end":{"line":20,"column":1}}}},"branchMap":{"0":{"loc":{"start":{"line":12,"column":2},"end":{"line":14,"column":3}},"type":"if","locations":[{"start":{"line":12,"column":2},"end":{"line":14,"column":3}}]},"1":{"loc":{"start":{"line":19,"column":9},"end":{"line":19,"column":93}},"type":"binary-expr","locations":[{"start":{"line":19,"column":9},"end":{"line":19,"column":39}},{"start":{"line":19,"column":43},"end":{"line":19,"column":66}},{"start":{"line":19,"column":70},"end":{"line":19,"column":93}}]}},"s":{"0":0,"1":0,"2":0,"3":0,"4":0,"5":0,"6":0},"f":{"0":0,"1":0},"b":{"0":[0],"1":[0,0,0]}}
,"C:\\Users\\PC\\Desktop\\Inmobiliaria\\backend\\src\\modules\\contracts\\contracts.controller.ts": {"path":"C:\\Users\\PC\\Desktop\\Inmobiliaria\\backend\\src\\modules\\contracts\\contracts.controller.ts","statementMap":{"0":{"start":{"line":1,"column":0},"end":{"line":1,"column":102}},"1":{"start":{"line":2,"column":0},"end":{"line":2,"column":55}},"2":{"start":{"line":3,"column":0},"end":{"line":3,"column":62}},"3":{"start":{"line":4,"column":0},"end":{"line":4,"column":47}},"4":{"start":{"line":5,"column":0},"end":{"line":5,"column":49}},"5":{"start":{"line":6,"column":0},"end":{"line":6,"column":48}},"6":{"start":{"line":11,"column":7},"end":{"line":33,"column":null}},"7":{"start":{"line":12,"column":31},"end":{"line":12,"column":49}},"8":{"start":{"line":16,"column":4},"end":{"line":16,"column":43}},"9":{"start":{"line":21,"column":4},"end":{"line":21,"column":45}},"10":{"start":{"line":26,"column":4},"end":{"line":26,"column":59}},"11":{"start":{"line":31,"column":4},"end":{"line":31,"column":44}},"12":{"start":{"line":11,"column":13},"end":{"line":11,"column":32}},"13":{"start":{"line":15,"column":8},"end":{"line":17,"column":null}},"14":{"start":{"line":20,"column":8},"end":{"line":22,"column":null}},"15":{"start":{"line":25,"column":8},"end":{"line":27,"column":null}},"16":{"start":{"line":30,"column":8},"end":{"line":32,"column":null}},"17":{"start":{"line":11,"column":13},"end":{"line":33,"column":null}}},"fnMap":{"0":{"name":"(anonymous_4)","decl":{"start":{"line":12,"column":2},"end":{"line":12,"column":31}},"loc":{"start":{"line":12,"column":65},"end":{"line":12,"column":69}}},"1":{"name":"(anonymous_5)","decl":{"start":{"line":15,"column":2},"end":{"line":15,"column":7}},"loc":{"start":{"line":15,"column":15},"end":{"line":17,"column":3}}},"2":{"name":"(anonymous_6)","decl":{"start":{"line":20,"column":2},"end":{"line":20,"column":7}},"loc":{"start":{"line":20,"column":54},"end":{"line":22,"column":3}}},"3":{"name":"(anonymous_7)","decl":{"start":{"line":25,"column":2},"end":{"line":25,"column":7}},"loc":{"start":{"line":25,"column":59},"end":{"line":27,"column":3}}},"4":{"name":"(anonymous_8)","decl":{"start":{"line":30,"column":2},"end":{"line":30,"column":7}},"loc":{"start":{"line":30,"column":53},"end":{"line":32,"column":3}}}},"branchMap":{},"s":{"0":2,"1":2,"2":2,"3":2,"4":2,"5":2,"6":2,"7":6,"8":1,"9":1,"10":2,"11":1,"12":2,"13":2,"14":2,"15":2,"16":2,"17":2},"f":{"0":6,"1":1,"2":1,"3":2,"4":1},"b":{}}
,"C:\\Users\\PC\\Desktop\\Inmobiliaria\\backend\\src\\modules\\contracts\\contracts.service.ts": {"path":"C:\\Users\\PC\\Desktop\\Inmobiliaria\\backend\\src\\modules\\contracts\\contracts.service.ts","statementMap":{"0":{"start":{"line":1,"column":0},"end":{"line":1,"column":92}},"1":{"start":{"line":2,"column":0},"end":{"line":2,"column":60}},"2":{"start":{"line":7,"column":29},"end":{"line":167,"column":null}},"3":{"start":{"line":11,"column":31},"end":{"line":11,"column":39}},"4":{"start":{"line":8,"column":19},"end":{"line":8,"column":62}},"5":{"start":{"line":9,"column":10},"end":{"line":9,"column":36}},"6":{"start":{"line":14,"column":4},"end":{"line":14,"column":46}},"7":{"start":{"line":14,"column":39},"end":{"line":14,"column":46}},"8":{"start":{"line":15,"column":4},"end":{"line":36,"column":6}},"9":{"start":{"line":40,"column":4},"end":{"line":53,"column":5}},"10":{"start":{"line":41,"column":6},"end":{"line":41,"column":70}},"11":{"start":{"line":42,"column":26},"end":{"line":49,"column":8}},"12":{"start":{"line":50,"column":6},"end":{"line":50,"column":53}},"13":{"start":{"line":50,"column":34},"end":{"line":50,"column":53}},"14":{"start":{"line":52,"column":6},"end":{"line":52,"column":118}},"15":{"start":{"line":55,"column":4},"end":{"line":55,"column":35}},"16":{"start":{"line":56,"column":4},"end":{"line":56,"column":30}},"17":{"start":{"line":60,"column":4},"end":{"line":72,"column":5}},"18":{"start":{"line":61,"column":25},"end":{"line":68,"column":8}},"19":{"start":{"line":69,"column":6},"end":{"line":69,"column":40}},"20":{"start":{"line":69,"column":22},"end":{"line":69,"column":40}},"21":{"start":{"line":71,"column":6},"end":{"line":71,"column":67}},"22":{"start":{"line":74,"column":4},"end":{"line":74,"column":35}},"23":{"start":{"line":75,"column":21},"end":{"line":75,"column":64}},"24":{"start":{"line":75,"column":52},"end":{"line":75,"column":63}},"25":{"start":{"line":76,"column":4},"end":{"line":78,"column":5}},"26":{"start":{"line":77,"column":6},"end":{"line":77,"column":73}},"27":{"start":{"line":79,"column":4},"end":{"line":79,"column":20}},"28":{"start":{"line":83,"column":4},"end":{"line":85,"column":5}},"29":{"start":{"line":84,"column":6},"end":{"line":84,"column":74}},"30":{"start":{"line":87,"column":4},"end":{"line":119,"column":5}},"31":{"start":{"line":88,"column":6},"end":{"line":88,"column":76}},"32":{"start":{"line":89,"column":25},"end":{"line":105,"column":8}},"33":{"start":{"line":108,"column":6},"end":{"line":111,"column":9}},"34":{"start":{"line":113,"column":6},"end":{"line":116,"column":8}},"35":{"start":{"line":118,"column":6},"end":{"line":118,"column":125}},"36":{"start":{"line":121,"column":4},"end":{"line":121,"column":35}},"37":{"start":{"line":122,"column":25},"end":{"line":127,"column":6}},"38":{"start":{"line":128,"column":24},"end":{"line":142,"column":6}},"39":{"start":{"line":144,"column":4},"end":{"line":144,"column":41}},"40":{"start":{"line":145,"column":4},"end":{"line":148,"column":6}},"41":{"start":{"line":152,"column":4},"end":{"line":157,"column":5}},"42":{"start":{"line":153,"column":6},"end":{"line":153,"column":59}},"43":{"start":{"line":154,"column":6},"end":{"line":154,"column":82}},"44":{"start":{"line":156,"column":6},"end":{"line":156,"column":69}},"45":{"start":{"line":159,"column":4},"end":{"line":159,"column":35}},"46":{"start":{"line":160,"column":18},"end":{"line":160,"column":66}},"47":{"start":{"line":160,"column":54},"end":{"line":160,"column":65}},"48":{"start":{"line":161,"column":4},"end":{"line":163,"column":5}},"49":{"start":{"line":162,"column":6},"end":{"line":162,"column":73}},"50":{"start":{"line":164,"column":4},"end":{"line":164,"column":40}},"51":{"start":{"line":165,"column":4},"end":{"line":165,"column":71}},"52":{"start":{"line":7,"column":13},"end":{"line":7,"column":29}},"53":{"start":{"line":7,"column":13},"end":{"line":167,"column":null}}},"fnMap":{"0":{"name":"(anonymous_2)","decl":{"start":{"line":11,"column":2},"end":{"line":11,"column":31}},"loc":{"start":{"line":11,"column":52},"end":{"line":11,"column":56}}},"1":{"name":"(anonymous_3)","decl":{"start":{"line":13,"column":10},"end":{"line":13,"column":33}},"loc":{"start":{"line":13,"column":33},"end":{"line":37,"column":3}}},"2":{"name":"(anonymous_4)","decl":{"start":{"line":39,"column":2},"end":{"line":39,"column":7}},"loc":{"start":{"line":39,"column":15},"end":{"line":57,"column":3}}},"3":{"name":"(anonymous_5)","decl":{"start":{"line":59,"column":2},"end":{"line":59,"column":7}},"loc":{"start":{"line":59,"column":26},"end":{"line":80,"column":3}}},"4":{"name":"(anonymous_6)","decl":{"start":{"line":75,"column":45},"end":{"line":75,"column":46}},"loc":{"start":{"line":75,"column":52},"end":{"line":75,"column":63}}},"5":{"name":"(anonymous_7)","decl":{"start":{"line":82,"column":2},"end":{"line":82,"column":7}},"loc":{"start":{"line":82,"column":37},"end":{"line":149,"column":3}}},"6":{"name":"(anonymous_8)","decl":{"start":{"line":151,"column":2},"end":{"line":151,"column":7}},"loc":{"start":{"line":151,"column":25},"end":{"line":166,"column":3}}},"7":{"name":"(anonymous_9)","decl":{"start":{"line":160,"column":47},"end":{"line":160,"column":48}},"loc":{"start":{"line":160,"column":54},"end":{"line":160,"column":65}}}},"branchMap":{"0":{"loc":{"start":{"line":14,"column":4},"end":{"line":14,"column":46}},"type":"if","locations":[{"start":{"line":14,"column":4},"end":{"line":14,"column":46}}]},"1":{"loc":{"start":{"line":50,"column":6},"end":{"line":50,"column":53}},"type":"if","locations":[{"start":{"line":50,"column":6},"end":{"line":50,"column":53}}]},"2":{"loc":{"start":{"line":69,"column":6},"end":{"line":69,"column":40}},"type":"if","locations":[{"start":{"line":69,"column":6},"end":{"line":69,"column":40}}]},"3":{"loc":{"start":{"line":76,"column":4},"end":{"line":78,"column":5}},"type":"if","locations":[{"start":{"line":76,"column":4},"end":{"line":78,"column":5}}]},"4":{"loc":{"start":{"line":83,"column":4},"end":{"line":85,"column":5}},"type":"if","locations":[{"start":{"line":83,"column":4},"end":{"line":85,"column":5}}]},"5":{"loc":{"start":{"line":83,"column":8},"end":{"line":83,"column":112}},"type":"binary-expr","locations":[{"start":{"line":83,"column":8},"end":{"line":83,"column":23}},{"start":{"line":83,"column":27},"end":{"line":83,"column":40}},{"start":{"line":83,"column":44},"end":{"line":83,"column":56}},{"start":{"line":83,"column":60},"end":{"line":83,"column":74}},{"start":{"line":83,"column":78},"end":{"line":83,"column":90}},{"start":{"line":83,"column":94},"end":{"line":83,"column":112}}]},"6":{"loc":{"start":{"line":97,"column":19},"end":{"line":97,"column":42}},"type":"binary-expr","locations":[{"start":{"line":97,"column":19},"end":{"line":97,"column":29}},{"start":{"line":97,"column":33},"end":{"line":97,"column":42}}]},"7":{"loc":{"start":{"line":98,"column":24},"end":{"line":98,"column":48}},"type":"binary-expr","locations":[{"start":{"line":98,"column":24},"end":{"line":98,"column":40}},{"start":{"line":98,"column":44},"end":{"line":98,"column":48}}]},"8":{"loc":{"start":{"line":139,"column":14},"end":{"line":139,"column":37}},"type":"binary-expr","locations":[{"start":{"line":139,"column":14},"end":{"line":139,"column":24}},{"start":{"line":139,"column":28},"end":{"line":139,"column":37}}]},"9":{"loc":{"start":{"line":140,"column":20},"end":{"line":140,"column":44}},"type":"binary-expr","locations":[{"start":{"line":140,"column":20},"end":{"line":140,"column":36}},{"start":{"line":140,"column":40},"end":{"line":140,"column":44}}]},"10":{"loc":{"start":{"line":161,"column":4},"end":{"line":163,"column":5}},"type":"if","locations":[{"start":{"line":161,"column":4},"end":{"line":163,"column":5}}]}},"s":{"0":3,"1":3,"2":3,"3":13,"4":13,"5":13,"6":7,"7":1,"8":6,"9":3,"10":3,"11":3,"12":1,"13":1,"14":2,"15":2,"16":2,"17":3,"18":3,"19":1,"20":1,"21":2,"22":2,"23":2,"24":2,"25":2,"26":1,"27":1,"28":4,"29":1,"30":3,"31":3,"32":3,"33":2,"34":2,"35":1,"36":1,"37":1,"38":1,"39":1,"40":1,"41":3,"42":3,"43":1,"44":2,"45":2,"46":2,"47":2,"48":2,"49":1,"50":1,"51":1,"52":3,"53":3},"f":{"0":13,"1":7,"2":3,"3":3,"4":2,"5":4,"6":3,"7":2},"b":{"0":[1],"1":[1],"2":[1],"3":[1],"4":[1],"5":[4,3,3,3,3,3],"6":[3,1],"7":[3,1],"8":[1,0],"9":[1,0],"10":[1]}}
,"C:\\Users\\PC\\Desktop\\Inmobiliaria\\backend\\src\\modules\\contracts\\dto\\create-contract.dto.ts": {"path":"C:\\Users\\PC\\Desktop\\Inmobiliaria\\backend\\src\\modules\\contracts\\dto\\create-contract.dto.ts","statementMap":{"0":{"start":{"line":1,"column":0},"end":{"line":1,"column":119}},"1":{"start":{"line":3,"column":0},"end":{"line":3,"column":13}},"2":{"start":{"line":6,"column":2},"end":{"line":6,"column":null}},"3":{"start":{"line":10,"column":2},"end":{"line":10,"column":null}},"4":{"start":{"line":14,"column":2},"end":{"line":14,"column":null}},"5":{"start":{"line":18,"column":2},"end":{"line":18,"column":null}},"6":{"start":{"line":22,"column":2},"end":{"line":22,"column":null}},"7":{"start":{"line":27,"column":2},"end":{"line":27,"column":null}},"8":{"start":{"line":31,"column":2},"end":{"line":31,"column":null}},"9":{"start":{"line":35,"column":2},"end":{"line":35,"column":null}}},"fnMap":{},"branchMap":{},"s":{"0":2,"1":2,"2":2,"3":2,"4":2,"5":2,"6":2,"7":2,"8":2,"9":2},"f":{},"b":{}}
,"C:\\Users\\PC\\Desktop\\Inmobiliaria\\backend\\src\\modules\\expenses\\expenses.controller.ts": {"path":"C:\\Users\\PC\\Desktop\\Inmobiliaria\\backend\\src\\modules\\expenses\\expenses.controller.ts","statementMap":{"0":{"start":{"line":1,"column":0},"end":{"line":1,"column":72}},"1":{"start":{"line":2,"column":0},"end":{"line":2,"column":53}},"2":{"start":{"line":3,"column":0},"end":{"line":3,"column":60}},"3":{"start":{"line":4,"column":0},"end":{"line":4,"column":47}},"4":{"start":{"line":5,"column":0},"end":{"line":5,"column":49}},"5":{"start":{"line":6,"column":0},"end":{"line":6,"column":48}},"6":{"start":{"line":11,"column":7},"end":{"line":23,"column":null}},"7":{"start":{"line":12,"column":31},"end":{"line":12,"column":48}},"8":{"start":{"line":16,"column":4},"end":{"line":16,"column":42}},"9":{"start":{"line":21,"column":4},"end":{"line":21,"column":57}},"10":{"start":{"line":11,"column":13},"end":{"line":11,"column":31}},"11":{"start":{"line":15,"column":8},"end":{"line":17,"column":null}},"12":{"start":{"line":20,"column":8},"end":{"line":22,"column":null}},"13":{"start":{"line":11,"column":13},"end":{"line":23,"column":null}}},"fnMap":{"0":{"name":"(anonymous_4)","decl":{"start":{"line":12,"column":2},"end":{"line":12,"column":31}},"loc":{"start":{"line":12,"column":63},"end":{"line":12,"column":67}}},"1":{"name":"(anonymous_5)","decl":{"start":{"line":15,"column":2},"end":{"line":15,"column":7}},"loc":{"start":{"line":15,"column":15},"end":{"line":17,"column":3}}},"2":{"name":"(anonymous_6)","decl":{"start":{"line":20,"column":2},"end":{"line":20,"column":7}},"loc":{"start":{"line":20,"column":57},"end":{"line":22,"column":3}}}},"branchMap":{},"s":{"0":0,"1":0,"2":0,"3":0,"4":0,"5":0,"6":0,"7":0,"8":0,"9":0,"10":0,"11":0,"12":0,"13":0},"f":{"0":0,"1":0,"2":0},"b":{}}
,"C:\\Users\\PC\\Desktop\\Inmobiliaria\\backend\\src\\modules\\expenses\\expenses.service.ts": {"path":"C:\\Users\\PC\\Desktop\\Inmobiliaria\\backend\\src\\modules\\expenses\\expenses.service.ts","statementMap":{"0":{"start":{"line":1,"column":0},"end":{"line":1,"column":92}},"1":{"start":{"line":2,"column":0},"end":{"line":2,"column":60}},"2":{"start":{"line":7,"column":28},"end":{"line":95,"column":null}},"3":{"start":{"line":11,"column":31},"end":{"line":11,"column":39}},"4":{"start":{"line":8,"column":19},"end":{"line":8,"column":61}},"5":{"start":{"line":9,"column":10},"end":{"line":9,"column":35}},"6":{"start":{"line":14,"column":4},"end":{"line":14,"column":45}},"7":{"start":{"line":14,"column":38},"end":{"line":14,"column":45}},"8":{"start":{"line":15,"column":4},"end":{"line":34,"column":6}},"9":{"start":{"line":38,"column":4},"end":{"line":47,"column":5}},"10":{"start":{"line":39,"column":6},"end":{"line":39,"column":67}},"11":{"start":{"line":40,"column":25},"end":{"line":43,"column":8}},"12":{"start":{"line":44,"column":6},"end":{"line":44,"column":51}},"13":{"start":{"line":44,"column":33},"end":{"line":44,"column":51}},"14":{"start":{"line":46,"column":6},"end":{"line":46,"column":115}},"15":{"start":{"line":49,"column":4},"end":{"line":49,"column":34}},"16":{"start":{"line":50,"column":4},"end":{"line":50,"column":29}},"17":{"start":{"line":54,"column":4},"end":{"line":56,"column":5}},"18":{"start":{"line":55,"column":6},"end":{"line":55,"column":91}},"19":{"start":{"line":58,"column":4},"end":{"line":76,"column":5}},"20":{"start":{"line":59,"column":6},"end":{"line":59,"column":69}},"21":{"start":{"line":60,"column":24},"end":{"line":69,"column":8}},"22":{"start":{"line":70,"column":6},"end":{"line":73,"column":8}},"23":{"start":{"line":75,"column":6},"end":{"line":75,"column":122}},"24":{"start":{"line":78,"column":4},"end":{"line":78,"column":34}},"25":{"start":{"line":79,"column":23},"end":{"line":87,"column":6}},"26":{"start":{"line":89,"column":4},"end":{"line":89,"column":39}},"27":{"start":{"line":90,"column":4},"end":{"line":93,"column":6}},"28":{"start":{"line":7,"column":13},"end":{"line":7,"column":28}},"29":{"start":{"line":7,"column":13},"end":{"line":95,"column":null}}},"fnMap":{"0":{"name":"(anonymous_2)","decl":{"start":{"line":11,"column":2},"end":{"line":11,"column":31}},"loc":{"start":{"line":11,"column":52},"end":{"line":11,"column":56}}},"1":{"name":"(anonymous_3)","decl":{"start":{"line":13,"column":10},"end":{"line":13,"column":32}},"loc":{"start":{"line":13,"column":32},"end":{"line":35,"column":3}}},"2":{"name":"(anonymous_4)","decl":{"start":{"line":37,"column":2},"end":{"line":37,"column":7}},"loc":{"start":{"line":37,"column":15},"end":{"line":51,"column":3}}},"3":{"name":"(anonymous_5)","decl":{"start":{"line":53,"column":2},"end":{"line":53,"column":7}},"loc":{"start":{"line":53,"column":36},"end":{"line":94,"column":3}}}},"branchMap":{"0":{"loc":{"start":{"line":14,"column":4},"end":{"line":14,"column":45}},"type":"if","locations":[{"start":{"line":14,"column":4},"end":{"line":14,"column":45}}]},"1":{"loc":{"start":{"line":44,"column":6},"end":{"line":44,"column":51}},"type":"if","locations":[{"start":{"line":44,"column":6},"end":{"line":44,"column":51}}]},"2":{"loc":{"start":{"line":54,"column":4},"end":{"line":56,"column":5}},"type":"if","locations":[{"start":{"line":54,"column":4},"end":{"line":56,"column":5}}]},"3":{"loc":{"start":{"line":54,"column":8},"end":{"line":54,"column":65}},"type":"binary-expr","locations":[{"start":{"line":54,"column":8},"end":{"line":54,"column":20}},{"start":{"line":54,"column":24},"end":{"line":54,"column":35}},{"start":{"line":54,"column":39},"end":{"line":54,"column":48}},{"start":{"line":54,"column":52},"end":{"line":54,"column":65}}]},"4":{"loc":{"start":{"line":65,"column":22},"end":{"line":65,"column":44}},"type":"binary-expr","locations":[{"start":{"line":65,"column":22},"end":{"line":65,"column":36}},{"start":{"line":65,"column":40},"end":{"line":65,"column":44}}]},"5":{"loc":{"start":{"line":84,"column":18},"end":{"line":84,"column":40}},"type":"binary-expr","locations":[{"start":{"line":84,"column":18},"end":{"line":84,"column":32}},{"start":{"line":84,"column":36},"end":{"line":84,"column":40}}]}},"s":{"0":0,"1":0,"2":0,"3":0,"4":0,"5":0,"6":0,"7":0,"8":0,"9":0,"10":0,"11":0,"12":0,"13":0,"14":0,"15":0,"16":0,"17":0,"18":0,"19":0,"20":0,"21":0,"22":0,"23":0,"24":0,"25":0,"26":0,"27":0,"28":0,"29":0},"f":{"0":0,"1":0,"2":0,"3":0},"b":{"0":[0],"1":[0],"2":[0],"3":[0,0,0,0],"4":[0,0],"5":[0,0]}}
,"C:\\Users\\PC\\Desktop\\Inmobiliaria\\backend\\src\\modules\\expenses\\dto\\create-expense.dto.ts": {"path":"C:\\Users\\PC\\Desktop\\Inmobiliaria\\backend\\src\\modules\\expenses\\dto\\create-expense.dto.ts","statementMap":{"0":{"start":{"line":1,"column":0},"end":{"line":1,"column":111}},"1":{"start":{"line":3,"column":0},"end":{"line":3,"column":13}},"2":{"start":{"line":6,"column":2},"end":{"line":6,"column":null}},"3":{"start":{"line":11,"column":2},"end":{"line":11,"column":null}},"4":{"start":{"line":15,"column":2},"end":{"line":15,"column":null}},"5":{"start":{"line":19,"column":2},"end":{"line":19,"column":null}},"6":{"start":{"line":23,"column":2},"end":{"line":23,"column":null}}},"fnMap":{},"branchMap":{},"s":{"0":0,"1":0,"2":0,"3":0,"4":0,"5":0,"6":0},"f":{},"b":{}}
,"C:\\Users\\PC\\Desktop\\Inmobiliaria\\backend\\src\\modules\\leads\\agent-leads.controller.ts": {"path":"C:\\Users\\PC\\Desktop\\Inmobiliaria\\backend\\src\\modules\\leads\\agent-leads.controller.ts","statementMap":{"0":{"start":{"line":1,"column":0},"end":{"line":1,"column":126}},"1":{"start":{"line":2,"column":0},"end":{"line":2,"column":47}},"2":{"start":{"line":3,"column":0},"end":{"line":3,"column":47}},"3":{"start":{"line":4,"column":0},"end":{"line":4,"column":49}},"4":{"start":{"line":5,"column":0},"end":{"line":5,"column":48}},"5":{"start":{"line":10,"column":7},"end":{"line":30,"column":null}},"6":{"start":{"line":11,"column":31},"end":{"line":11,"column":45}},"7":{"start":{"line":16,"column":20},"end":{"line":16,"column":31}},"8":{"start":{"line":17,"column":4},"end":{"line":17,"column":53}},"9":{"start":{"line":27,"column":20},"end":{"line":27,"column":31}},"10":{"start":{"line":28,"column":4},"end":{"line":28,"column":72}},"11":{"start":{"line":10,"column":13},"end":{"line":10,"column":33}},"12":{"start":{"line":15,"column":8},"end":{"line":18,"column":null}},"13":{"start":{"line":22,"column":8},"end":{"line":29,"column":null}},"14":{"start":{"line":10,"column":13},"end":{"line":30,"column":null}}},"fnMap":{"0":{"name":"(anonymous_4)","decl":{"start":{"line":11,"column":2},"end":{"line":11,"column":31}},"loc":{"start":{"line":11,"column":57},"end":{"line":11,"column":61}}},"1":{"name":"(anonymous_5)","decl":{"start":{"line":15,"column":2},"end":{"line":15,"column":7}},"loc":{"start":{"line":15,"column":41},"end":{"line":18,"column":3}}},"2":{"name":"(anonymous_6)","decl":{"start":{"line":22,"column":2},"end":{"line":22,"column":7}},"loc":{"start":{"line":25,"column":23},"end":{"line":29,"column":3}}}},"branchMap":{},"s":{"0":0,"1":0,"2":0,"3":0,"4":0,"5":0,"6":0,"7":0,"8":0,"9":0,"10":0,"11":0,"12":0,"13":0,"14":0},"f":{"0":0,"1":0,"2":0},"b":{}}
,"C:\\Users\\PC\\Desktop\\Inmobiliaria\\backend\\src\\modules\\leads\\leads.controller.ts": {"path":"C:\\Users\\PC\\Desktop\\Inmobiliaria\\backend\\src\\modules\\leads\\leads.controller.ts","statementMap":{"0":{"start":{"line":1,"column":0},"end":{"line":1,"column":68}},"1":{"start":{"line":2,"column":0},"end":{"line":2,"column":47}},"2":{"start":{"line":5,"column":7},"end":{"line":17,"column":null}},"3":{"start":{"line":6,"column":31},"end":{"line":6,"column":45}},"4":{"start":{"line":10,"column":4},"end":{"line":10,"column":39}},"5":{"start":{"line":15,"column":4},"end":{"line":15,"column":42}},"6":{"start":{"line":5,"column":13},"end":{"line":5,"column":28}},"7":{"start":{"line":9,"column":8},"end":{"line":11,"column":null}},"8":{"start":{"line":14,"column":8},"end":{"line":16,"column":null}},"9":{"start":{"line":5,"column":13},"end":{"line":17,"column":null}}},"fnMap":{"0":{"name":"(anonymous_4)","decl":{"start":{"line":6,"column":2},"end":{"line":6,"column":31}},"loc":{"start":{"line":6,"column":57},"end":{"line":6,"column":61}}},"1":{"name":"(anonymous_5)","decl":{"start":{"line":9,"column":2},"end":{"line":9,"column":7}},"loc":{"start":{"line":9,"column":15},"end":{"line":11,"column":3}}},"2":{"name":"(anonymous_6)","decl":{"start":{"line":14,"column":2},"end":{"line":14,"column":7}},"loc":{"start":{"line":14,"column":32},"end":{"line":16,"column":3}}}},"branchMap":{},"s":{"0":0,"1":0,"2":0,"3":0,"4":0,"5":0,"6":0,"7":0,"8":0,"9":0},"f":{"0":0,"1":0,"2":0},"b":{}}
,"C:\\Users\\PC\\Desktop\\Inmobiliaria\\backend\\src\\modules\\leads\\leads.service.ts": {"path":"C:\\Users\\PC\\Desktop\\Inmobiliaria\\backend\\src\\modules\\leads\\leads.service.ts","statementMap":{"0":{"start":{"line":1,"column":0},"end":{"line":1,"column":71}},"1":{"start":{"line":2,"column":0},"end":{"line":2,"column":60}},"2":{"start":{"line":5,"column":25},"end":{"line":231,"column":null}},"3":{"start":{"line":9,"column":31},"end":{"line":9,"column":39}},"4":{"start":{"line":6,"column":19},"end":{"line":6,"column":58}},"5":{"start":{"line":7,"column":10},"end":{"line":7,"column":32}},"6":{"start":{"line":12,"column":4},"end":{"line":12,"column":42}},"7":{"start":{"line":12,"column":35},"end":{"line":12,"column":42}},"8":{"start":{"line":13,"column":4},"end":{"line":78,"column":6}},"9":{"start":{"line":82,"column":4},"end":{"line":82,"column":31}},"10":{"start":{"line":83,"column":4},"end":{"line":83,"column":26}},"11":{"start":{"line":87,"column":4},"end":{"line":87,"column":70}},"12":{"start":{"line":88,"column":4},"end":{"line":120,"column":5}},"13":{"start":{"line":89,"column":22},"end":{"line":93,"column":8}},"14":{"start":{"line":95,"column":6},"end":{"line":117,"column":7}},"15":{"start":{"line":96,"column":27},"end":{"line":96,"column":90}},"16":{"start":{"line":96,"column":61},"end":{"line":96,"column":71}},"17":{"start":{"line":97,"column":29},"end":{"line":106,"column":10}},"18":{"start":{"line":107,"column":29},"end":{"line":107,"column":84}},"19":{"start":{"line":107,"column":64},"end":{"line":107,"column":82}},"20":{"start":{"line":109,"column":8},"end":{"line":116,"column":11}},"21":{"start":{"line":110,"column":34},"end":{"line":110,"column":62}},"22":{"start":{"line":111,"column":10},"end":{"line":115,"column":12}},"23":{"start":{"line":119,"column":6},"end":{"line":119,"column":134}},"24":{"start":{"line":122,"column":4},"end":{"line":122,"column":31}},"25":{"start":{"line":123,"column":4},"end":{"line":123,"column":71}},"26":{"start":{"line":123,"column":40},"end":{"line":123,"column":69}},"27":{"start":{"line":127,"column":28},"end":{"line":127,"column":48}},"28":{"start":{"line":128,"column":4},"end":{"line":128,"column":98}},"29":{"start":{"line":133,"column":4},"end":{"line":159,"column":5}},"30":{"start":{"line":135,"column":21},"end":{"line":139,"column":8}},"31":{"start":{"line":142,"column":6},"end":{"line":151,"column":7}},"32":{"start":{"line":143,"column":8},"end":{"line":143,"column":100}},"33":{"start":{"line":144,"column":8},"end":{"line":150,"column":11}},"34":{"start":{"line":153,"column":6},"end":{"line":156,"column":8}},"35":{"start":{"line":158,"column":6},"end":{"line":158,"column":112}},"36":{"start":{"line":164,"column":4},"end":{"line":164,"column":31}},"37":{"start":{"line":165,"column":17},"end":{"line":165,"column":56}},"38":{"start":{"line":165,"column":44},"end":{"line":165,"column":55}},"39":{"start":{"line":166,"column":4},"end":{"line":168,"column":5}},"40":{"start":{"line":167,"column":6},"end":{"line":167,"column":82}},"41":{"start":{"line":171,"column":4},"end":{"line":171,"column":34}},"42":{"start":{"line":174,"column":4},"end":{"line":179,"column":5}},"43":{"start":{"line":175,"column":6},"end":{"line":175,"column":112}},"44":{"start":{"line":176,"column":6},"end":{"line":176,"column":41}},"45":{"start":{"line":177,"column":6},"end":{"line":177,"column":39}},"46":{"start":{"line":178,"column":6},"end":{"line":178,"column":37}},"47":{"start":{"line":181,"column":4},"end":{"line":184,"column":6}},"48":{"start":{"line":188,"column":4},"end":{"line":229,"column":5}},"49":{"start":{"line":189,"column":21},"end":{"line":200,"column":8}},"50":{"start":{"line":201,"column":6},"end":{"line":204,"column":8}},"51":{"start":{"line":206,"column":6},"end":{"line":206,"column":102}},"52":{"start":{"line":207,"column":6},"end":{"line":207,"column":33}},"53":{"start":{"line":208,"column":22},"end":{"line":223,"column":8}},"54":{"start":{"line":224,"column":6},"end":{"line":224,"column":35}},"55":{"start":{"line":225,"column":6},"end":{"line":228,"column":8}},"56":{"start":{"line":5,"column":13},"end":{"line":5,"column":25}},"57":{"start":{"line":5,"column":13},"end":{"line":231,"column":null}}},"fnMap":{"0":{"name":"(anonymous_2)","decl":{"start":{"line":9,"column":2},"end":{"line":9,"column":31}},"loc":{"start":{"line":9,"column":52},"end":{"line":9,"column":56}}},"1":{"name":"(anonymous_3)","decl":{"start":{"line":11,"column":10},"end":{"line":11,"column":29}},"loc":{"start":{"line":11,"column":29},"end":{"line":79,"column":3}}},"2":{"name":"(anonymous_4)","decl":{"start":{"line":81,"column":2},"end":{"line":81,"column":7}},"loc":{"start":{"line":81,"column":15},"end":{"line":84,"column":3}}},"3":{"name":"(anonymous_5)","decl":{"start":{"line":86,"column":2},"end":{"line":86,"column":7}},"loc":{"start":{"line":86,"col
[...]
ne":353,"column":6}},"69":{"start":{"line":357,"column":28},"end":{"line":357,"column":48}},"70":{"start":{"line":358,"column":4},"end":{"line":358,"column":114}},"71":{"start":{"line":360,"column":4},"end":{"line":391,"column":5}},"72":{"start":{"line":361,"column":25},"end":{"line":368,"column":8}},"73":{"start":{"line":369,"column":6},"end":{"line":372,"column":8}},"74":{"start":{"line":374,"column":6},"end":{"line":374,"column":117}},"75":{"start":{"line":376,"column":6},"end":{"line":376,"column":38}},"76":{"start":{"line":377,"column":23},"end":{"line":377,"column":67}},"77":{"start":{"line":377,"column":55},"end":{"line":377,"column":66}},"78":{"start":{"line":378,"column":6},"end":{"line":380,"column":7}},"79":{"start":{"line":379,"column":8},"end":{"line":379,"column":95}},"80":{"start":{"line":382,"column":6},"end":{"line":382,"column":40}},"81":{"start":{"line":383,"column":6},"end":{"line":383,"column":59}},"82":{"start":{"line":384,"column":6},"end":{"line":384,"column":59}},"83":{"start":{"line":385,"column":6},"end":{"line":385,"column":57}},"84":{"start":{"line":387,"column":6},"end":{"line":390,"column":8}},"85":{"start":{"line":6,"column":13},"end":{"line":6,"column":30}},"86":{"start":{"line":6,"column":13},"end":{"line":393,"column":null}}},"fnMap":{"0":{"name":"(anonymous_2)","decl":{"start":{"line":10,"column":2},"end":{"line":10,"column":31}},"loc":{"start":{"line":10,"column":52},"end":{"line":10,"column":56}}},"1":{"name":"(anonymous_3)","decl":{"start":{"line":12,"column":10},"end":{"line":12,"column":34}},"loc":{"start":{"line":12,"column":34},"end":{"line":180,"column":3}}},"2":{"name":"(anonymous_4)","decl":{"start":{"line":186,"column":2},"end":{"line":186,"column":7}},"loc":{"start":{"line":186,"column":28},"end":{"line":281,"column":3}}},"3":{"name":"(anonymous_5)","decl":{"start":{"line":231,"column":32},"end":{"line":231,"column":33}},"loc":{"start":{"line":231,"column":45},"end":{"line":236,"column":10}}},"4":{"name":"(anonymous_6)","decl":{"start":{"line":251,"column":33},"end":{"line":251,"column":41}},"loc":{"start":{"line":251,"column":44},"end":{"line":280,"column":5}}},"5":{"name":"(anonymous_7)","decl":{"start":{"line":283,"column":2},"end":{"line":283,"column":7}},"loc":{"start":{"line":283,"column":26},"end":{"line":290,"column":3}}},"6":{"name":"(anonymous_8)","decl":{"start":{"line":285,"column":37},"end":{"line":285,"column":38}},"loc":{"start":{"line":285,"column":44},"end":{"line":285,"column":55}}},"7":{"name":"(anonymous_9)","decl":{"start":{"line":292,"column":2},"end":{"line":292,"column":7}},"loc":{"start":{"line":292,"column":37},"end":{"line":348,"column":3}}},"8":{"name":"(anonymous_10)","decl":{"start":{"line":350,"column":2},"end":{"line":350,"column":7}},"loc":{"start":{"line":350,"column":25},"end":{"line":354,"column":3}}},"9":{"name":"(anonymous_11)","decl":{"start":{"line":356,"column":2},"end":{"line":356,"column":7}},"loc":{"start":{"line":356,"column":74},"end":{"line":392,"column":3}}},"10":{"name":"(anonymous_12)","decl":{"start":{"line":377,"column":48},"end":{"line":377,"column":49}},"loc":{"start":{"line":377,"column":55},"end":{"line":377,"column":66}}}},"branchMap":{"0":{"loc":{"start":{"line":13,"column":4},"end":{"line":13,"column":47}},"type":"if","locations":[{"start":{"line":13,"column":4},"end":{"line":13,"column":47}}]},"1":{"loc":{"start":{"line":190,"column":4},"end":{"line":192,"column":5}},"type":"if","locations":[{"start":{"line":190,"column":4},"end":{"line":192,"column":5}}]},"2":{"loc":{"start":{"line":195,"column":4},"end":{"line":197,"column":5}},"type":"if","locations":[{"start":{"line":195,"column":4},"end":{"line":197,"column":5}}]},"3":{"loc":{"start":{"line":200,"column":4},"end":{"line":202,"column":5}},"type":"if","locations":[{"start":{"line":200,"column":4},"end":{"line":202,"column":5}}]},"4":{"loc":{"start":{"line":200,"column":8},"end":{"line":200,"column":72}},"type":"binary-expr","locations":[{"start":{"line":200,"column":8},"end":{"line":200,"column":39}},{"start":{"line":200,"column":43},"end":{"line":200,"column":72}}]},"5":{"loc":{"start":{"line":205,"column":21},"end":{"line":205,"column":80}},"type":"cond-expr","locations":[{"start":{"line":205,"column":40},"end":{"line":205,"column":68}},{"start":{"line":205,"column":71},"end":{"line":205,"column":80}}]},"6":{"loc":{"start":{"line":206,"column":21},"end":{"line":206,"column":80}},"type":"cond-expr","locations":[{"start":{"line":206,"column":40},"end":{"line":206,"column":68}},{"start":{"line":206,"column":71},"end":{"line":206,"column":80}}]},"7":{"loc":{"start":{"line":208,"column":4},"end":{"line":212,"column":5}},"type":"if","locations":[{"start":{"line":208,"column":4},"end":{"line":212,"column":5}}]},"8":{"loc":{"start":{"line":208,"column":8},"end":{"line":208,"column":56}},"type":"binary-expr","locations":[{"start":{"line":208,"column":8},"end":{"line":208,"column":30}},{"start":{"line":208,"column":34},"end":{"line":208,"column":56}}]},"9":{"loc":{"start":{"line":210,"column":6},"end":{"line":210,"column":61}},"type":"if","locations":[{"start":{"line":210,"column":6},"end":{"line":210,"column":61}}]},"10":{"loc":{"start":{"line":211,"column":6},"end":{"line":211,"column":61}},"type":"if","locations":[{"start":{"line":211,"column":6},"end":{"line":211,"column":61}}]},"11":{"loc":{"start":{"line":215,"column":4},"end":{"line":220,"column":5}},"type":"if","locations":[{"start":{"line":215,"column":4},"end":{"line":220,"column":5}}]},"12":{"loc":{"start":{"line":230,"column":6},"end":{"line":237,"column":7}},"type":"if","locations":[{"start":{"line":230,"column":6},"end":{"line":237,"column":7}}]},"13":{"loc":{"start":{"line":234,"column":20},"end":{"line":234,"column":125}},"type":"binary-expr","locations":[{"start":{"line":234,"column":20},"end":{"line":234,"column":30}},{"start":{"line":234,"column":34},"end":{"line":234,"column":125}}]},"14":{"loc":{"start":{"line":253,"column":6},"end":{"line":255,"column":7}},"type":"if","locations":[{"start":{"line":253,"column":6},"end":{"line":255,"column":7}}]},"15":{"loc":{"start":{"line":253,"column":10},"end":{"line":253,"column":65}},"type":"binary-expr","locations":[{"start":{"line":253,"column":10},"end":{"line":253,"column":25}},{"start":{"line":253,"column":29},"end":{"line":253,"column":65}}]},"16":{"loc":{"start":{"line":257,"column":6},"end":{"line":259,"column":7}},"type":"if","locations":[{"start":{"line":257,"column":6},"end":{"line":259,"column":7}}]},"17":{"loc":{"start":{"line":257,"column":10},"end":{"line":257,"column":84}},"type":"binary-expr","locations":[{"start":{"line":257,"column":10},"end":{"line":257,"column":22}},{"start":{"line":257,"column":26},"end":{"line":257,"column":84}}]},"18":{"loc":{"start":{"line":261,"column":6},"end":{"line":263,"column":7}},"type":"if","locations":[{"start":{"line":261,"column":6},"end":{"line":263,"column":7}}]},"19":{"loc":{"start":{"line":261,"column":10},"end":{"line":261,"column":100}},"type":"binary-expr","locations":[{"start":{"line":261,"column":11},"end":{"line":261,"column":42}},{"start":{"line":261,"column":46},"end":{"line":261,"column":75}},{"start":{"line":261,"column":80},"end":{"line":261,"column":100}}]},"20":{"loc":{"start":{"line":265,"column":6},"end":{"line":267,"column":7}},"type":"if","locations":[{"start":{"line":265,"column":6},"end":{"line":267,"column":7}}]},"21":{"loc":{"start":{"line":265,"column":10},"end":{"line":265,"column":61}},"type":"binary-expr","locations":[{"start":{"line":265,"column":10},"end":{"line":265,"column":32}},{"start":{"line":265,"column":36},"end":{"line":265,"column":61}}]},"22":{"loc":{"start":{"line":269,"column":6},"end":{"line":271,"column":7}},"type":"if","locations":[{"start":{"line":269,"column":6},"end":{"line":271,"column":7}}]},"23":{"loc":{"start":{"line":269,"column":10},"end":{"line":269,"column":61}},"type":"binary-expr","locations":[{"start":{"line":269,"column":10},"end":{"line":269,"column":32}},{"start":{"line":269,"column":36},"end":{"line":269,"column":61}}]},"24":{"loc":{"start":{"line":273,"column":6},"end":{"line":278,"column":7}},"type":"if","locations":[{"start":{"line":273,"column":6},"end":{"line":278,"column":7}}]},"25":{"loc":{"start":{"line":277,"column":8},"end":{"line":277,"column":50}},"type":"if","locations":[{"start":{"line":277,"column":8},"end":{"line":277,"column":50}}]},"26":{"loc":{"start":{"line":277,"column":12},"end":{"line":277,"column":35}},"type":"binary-expr","locations":[{"start":{"line":277,"column":12},"end":{"line":277,"column":20}},{"start":{"line":277,"column":24},"end":{"line":277,"column":35}}]},"27":{"loc":{"start":{"line":286,"column":4},"end":{"line":288,"column":5}},"type":"if","locations":[{"start":{"line":286,"column":4},"end":{"line":288,"column":5}}]},"28":{"loc":{"start":{"line":302,"column":20},"end":{"line":302,"column":74}},"type":"cond-expr","locations":[{"start":{"line":302,"column":35},"end":{"line":302,"column":67}},{"start":{"line":302,"column":70},"end":{"line":302,"column":74}}]},"29":{"loc":{"start":{"line":307,"column":19},"end":{"line":307,"column":38}},"type":"binary-expr","locations":[{"start":{"line":307,"column":19},"end":{"line":307,"column":30}},{"start":{"line":307,"column":34},"end":{"line":307,"column":38}}]},"30":{"loc":{"start":{"line":308,"column":21},"end":{"line":308,"column":83}},"type":"cond-expr","locations":[{"start":{"line":308,"column":38},"end":{"line":308,"column":73}},{"start":{"line":308,"column":76},"end":{"line":308,"column":83}}]},"31":{"loc":{"start":{"line":309,"column":20},"end":{"line":309,"column":127}},"type":"binary-expr","locations":[{"start":{"line":309,"column":20},"end":{"line":309,"column":32}},{"start":{"line":309,"column":36},"end":{"line":309,"column":127}}]},"32":{"loc":{"start":{"line":314,"column":19},"end":{"line":314,"column":38}},"type":"binary-expr","locations":[{"start":{"line":314,"column":19},"end":{"line":314,"column":30}},{"start":{"line":314,"column":34},"end":{"line":314,"column":38}}]},"33":{"loc":{"start":{"line":315,"column":24},"end":{"line":315,"column":49}},"type":"binary-expr","locations":[{"start":{"line":315,"column":24},"end":{"line":315,"column":40}},{"start":{"line":315,"column":44},"end":{"line":315,"column":49}}]},"34":{"loc":{"start":{"line":316,"column":23},"end":{"line":316,"column":47}},"type":"binary-expr","locations":[{"start":{"line":316,"column":23},"end":{"line":316,"column":38}},{"start":{"line":316,"column":42},"end":{"line":316,"column":47}}]},"35":{"loc":{"start":{"line":317,"column":25},"end":{"line":317,"column":51}},"type":"binary-expr","locations":[{"start":{"line":317,"column":25},"end":{"line":317,"column":42}},{"start":{"line":317,"column":46},"end":{"line":317,"column":51}}]},"36":{"loc":{"start":{"line":318,"column":29},"end":{"line":318,"column":59}},"type":"binary-expr","locations":[{"start":{"line":318,"column":29},"end":{"line":318,"column":50}},{"start":{"line":318,"column":54},"end":{"line":318,"column":59}}]},"37":{"loc":{"start":{"line":319,"column":28},"end":{"line":319,"column":57}},"type":"binary-expr","locations":[{"start":{"line":319,"column":28},"end":{"line":319,"column":48}},{"start":{"line":319,"column":52},"end":{"line":319,"column":57}}]},"38":{"loc":{"start":{"line":320,"column":17},"end":{"line":320,"column":35}},"type":"binary-expr","locations":[{"start":{"line":320,"column":17},"end":{"line":320,"column":26}},{"start":{"line":320,"column":30},"end":{"line":320,"column":35}}]},"39":{"loc":{"start":{"line":333,"column":18},"end":{"line":333,"column":42}},"type":"binary-expr","locations":[{"start":{"line":333,"column":18},"end":{"line":333,"column":30}},{"start":{"line":333,"column":34},"end":{"line":333,"column":42}}]},"40":{"loc":{"start":{"line":334,"column":19},"end":{"line":334,"column":44}},"type":"binary-expr","locations":[{"start":{"line":334,"column":19},"end":{"line":334,"column":32}},{"start":{"line":334,"column":36},"end":{"line":334,"column":44}}]},"41":{"loc":{"start":{"line":339,"column":19},"end":{"line":339,"column":93}},"type":"cond-expr","locations":[{"start":{"line":339,"column":47},"end":{"line":339,"column":69}},{"start":{"line":339,"column":72},"end":{"line":339,"column":93}}]},"42":{"loc":{"start":{"line":365,"column":28},"end":{"line":365,"column":52}},"type":"binary-expr","locations":[{"start":{"line":365,"column":28},"end":{"line":365,"column":44}},{"start":{"line":365,"column":48},"end":{"line":365,"column":52}}]},"43":{"loc":{"start":{"line":378,"column":6},"end":{"line":380,"column":7}},"type":"if","locations":[{"start":{"line":378,"column":6},"end":{"line":380,"column":7}}]},"44":{"loc":{"start":{"line":383,"column":34},"end":{"line":383,"column":58}},"type":"binary-expr","locations":[{"start":{"line":383,"column":34},"end":{"line":383,"column":50}},{"start":{"line":383,"column":54},"end":{"line":383,"column":58}}]}},"s":{"0":0,"1":0,"2":0,"3":0,"4":0,"5":0,"6":0,"7":0,"8":0,"9":0,"10":0,"11":0,"12":0,"13":0,"14":0,"15":0,"16":0,"17":0,"18":0,"19":0,"20":0,"21":0,"22":0,"23":0,"24":0,"25":0,"26":0,"27":0,"28":0,"29":0,"30":0,"31":0,"32":0,"33":0,"34":0,"35":0,"36":0,"37":0,"38":0,"39":0,"40":0,"41":0,"42":0,"43":0,"44":0,"45":0,"46":0,"47":0,"48":0,"49":0,"50":0,"51":0,"52":0,"53":0,"54":0,"55":0,"56":0,"57":0,"58":0,"59":0,"60":0,"61":0,"62":0,"63":0,"64":0,"65":0,"66":0,"67":0,"68":0,"69":0,"70":0,"71":0,"72":0,"73":0,"74":0,"75":0,"76":0,"77":0,"78":0,"79":0,"80":0,"81":0,"82":0,"83":0,"84":0,"85":0,"86":0},"f":{"0":0,"1":0,"2":0,"3":0,"4":0,"5":0,"6":0,"7":0,"8":0,"9":0,"10":0},"b":{"0":[0],"1":[0],"2":[0],"3":[0],"4":[0,0],"5":[0,0],"6":[0,0],"7":[0],"8":[0,0],"9":[0],"10":[0],"11":[0],"12":[0],"13":[0,0],"14":[0],"15":[0,0],"16":[0],"17":[0,0],"18":[0],"19":[0,0,0],"20":[0],"21":[0,0],"22":[0],"23":[0,0],"24":[0],"25":[0],"26":[0,0],"27":[0],"28":[0,0],"29":[0,0],"30":[0,0],"31":[0,0],"32":[0,0],"33":[0,0],"34":[0,0],"35":[0,0],"36":[0,0],"37":[0,0],"38":[0,0],"39":[0,0],"40":[0,0],"41":[0,0],"42":[0,0],"43":[0],"44":[0,0]}}
,"C:\\Users\\PC\\Desktop\\Inmobiliaria\\backend\\src\\modules\\properties\\dto\\create-property.dto.ts": {"path":"C:\\Users\\PC\\Desktop\\Inmobiliaria\\backend\\src\\modules\\properties\\dto\\create-property.dto.ts","statementMap":{"0":{"start":{"line":1,"column":0},"end":{"line":1,"column":105}},"1":{"start":{"line":3,"column":0},"end":{"line":3,"column":13}},"2":{"start":{"line":6,"column":2},"end":{"line":6,"column":null}},"3":{"start":{"line":10,"column":2},"end":{"line":10,"column":null}},"4":{"start":{"line":15,"column":2},"end":{"line":15,"column":null}},"5":{"start":{"line":20,"column":2},"end":{"line":20,"column":null}},"6":{"start":{"line":25,"column":2},"end":{"line":25,"column":null}},"7":{"start":{"line":29,"column":2},"end":{"line":29,"column":null}},"8":{"start":{"line":33,"column":2},"end":{"line":33,"column":null}},"9":{"start":{"line":37,"column":2},"end":{"line":37,"column":null}},"10":{"start":{"line":41,"column":2},"end":{"line":41,"column":null}},"11":{"start":{"line":45,"column":2},"end":{"line":45,"column":null}},"12":{"start":{"line":49,"column":2},"end":{"line":49,"column":null}},"13":{"start":{"line":53,"column":2},"end":{"line":53,"column":null}},"14":{"start":{"line":57,"column":2},"end":{"line":57,"column":null}},"15":{"start":{"line":61,"column":2},"end":{"line":61,"column":null}},"16":{"start":{"line":65,"column":2},"end":{"line":65,"column":null}},"17":{"start":{"line":69,"column":2},"end":{"line":69,"column":null}},"18":{"start":{"line":73,"column":2},"end":{"line":73,"column":null}},"19":{"start":{"line":77,"column":2},"end":{"line":77,"column":null}},"20":{"start":{"line":81,"column":2},"end":{"line":81,"column":null}},"21":{"start":{"line":85,"column":2},"end":{"line":85,"column":null}}},"fnMap":{},"branchMap":{},"s":{"0":0,"1":0,"2":0,"3":0,"4":0,"5":0,"6":0,"7":0,"8":0,"9":0,"10":0,"11":0,"12":0,"13":0,"14":0,"15":0,"16":0,"17":0,"18":0,"19":0,"20":0,"21":0},"f":{},"b":{}}
,"C:\\Users\\PC\\Desktop\\Inmobiliaria\\backend\\src\\modules\\webhooks\\webhooks.service.ts": {"path":"C:\\Users\\PC\\Desktop\\Inmobiliaria\\backend\\src\\modules\\webhooks\\webhooks.service.ts","statementMap":{"0":{"start":{"line":1,"column":0},"end":{"line":1,"column":52}},"1":{"start":{"line":2,"column":0},"end":{"line":2,"column":44}},"2":{"start":{"line":3,"column":0},"end":{"line":3,"column":38}},"3":{"start":{"line":6,"column":28},"end":{"line":34,"column":null}},"4":{"start":{"line":9,"column":31},"end":{"line":9,"column":44}},"5":{"start":{"line":7,"column":19},"end":{"line":7,"column":61}},"6":{"start":{"line":12,"column":23},"end":{"line":12,"column":50}},"7":{"start":{"line":14,"column":4},"end":{"line":18,"column":5}},"8":{"start":{"line":15,"column":6},"end":{"line":15,"column":102}},"9":{"start":{"line":16,"column":6},"end":{"line":16,"column":74}},"10":{"start":{"line":17,"column":6},"end":{"line":17,"column":13}},"11":{"start":{"line":20,"column":4},"end":{"line":32,"column":5}},"12":{"start":{"line":21,"column":6},"end":{"line":28,"column":8}},"13":{"start":{"line":29,"column":6},"end":{"line":29,"column":77}},"14":{"start":{"line":31,"column":6},"end":{"line":31,"column":85}},"15":{"start":{"line":6,"column":13},"end":{"line":6,"column":28}},"16":{"start":{"line":6,"column":13},"end":{"line":34,"column":null}}},"fnMap":{"0":{"name":"(anonymous_2)","decl":{"start":{"line":9,"column":2},"end":{"line":9,"column":31}},"loc":{"start":{"line":9,"column":55},"end":{"line":9,"column":59}}},"1":{"name":"(anonymous_3)","decl":{"start":{"line":11,"column":2},"end":{"line":11,"column":7}},"loc":{"start":{"line":11,"column":50},"end":{"line":33,"column":3}}}},"branchMap":{"0":{"loc":{"start":{"line":14,"column":4},"end":{"line":18,"column":5}},"type":"if","locations":[{"start":{"line":14,"column":4},"end":{"line":18,"column":5}}]}},"s":{"0":0,"1":0,"2":0,"3":0,"4":0,"5":0,"6":0,"7":0,"8":0,"9":0,"10":0,"11":0,"12":0,"13":0,"14":0,"15":0,"16":0},"f":{"0":0,"1":0},"b":{"0":[0]}}
,"C:\\Users\\PC\\Desktop\\Inmobiliaria\\backend\\src\\prisma\\prisma.service.ts": {"path":"C:\\Users\\PC\\Desktop\\Inmobiliaria\\backend\\src\\prisma\\prisma.service.ts","statementMap":{"0":{"start":{"line":1,"column":0},"end":{"line":1,"column":83}},"1":{"start":{"line":2,"column":0},"end":{"line":2,"column":46}},"2":{"start":{"line":5,"column":26},"end":{"line":53,"column":null}},"3":{"start":{"line":10,"column":4},"end":{"line":17,"column":7}},"4":{"start":{"line":6,"column":19},"end":{"line":6,"column":59}},"5":{"start":{"line":25,"column":4},"end":{"line":34,"column":5}},"6":{"start":{"line":26,"column":6},"end":{"line":26,"column":79}},"7":{"start":{"line":27,"column":6},"end":{"line":27,"column":28}},"8":{"start":{"line":28,"column":6},"end":{"line":28,"column":101}},"9":{"start":{"line":30,"column":6},"end":{"line":32,"column":8}},"10":{"start":{"line":42,"column":4},"end":{"line":51,"column":5}},"11":{"start":{"line":43,"column":6},"end":{"line":43,"column":107}},"12":{"start":{"line":44,"column":6},"end":{"line":44,"column":31}},"13":{"start":{"line":45,"column":6},"end":{"line":45,"column":75}},"14":{"start":{"line":47,"column":6},"end":{"line":50,"column":8}},"15":{"start":{"line":5,"column":13},"end":{"line":5,"column":26}},"16":{"start":{"line":5,"column":13},"end":{"line":53,"column":null}}},"fnMap":{"0":{"name":"(anonymous_2)","decl":{"start":{"line":8,"column":2},"end":{"line":8,"column":null}},"loc":{"start":{"line":8,"column":2},"end":{"line":18,"column":3}}},"1":{"name":"(anonymous_3)","decl":{"start":{"line":24,"column":2},"end":{"line":24,"column":7}},"loc":{"start":{"line":24,"column":20},"end":{"line":35,"column":3}}},"2":{"name":"(anonymous_4)","decl":{"start":{"line":41,"column":2},"end":{"line":41,"column":7}},"loc":{"start":{"line":41,"column":23},"end":{"line":52,"column":3}}}},"branchMap":{},"s":{"0":3,"1":3,"2":3,"3":0,"4":0,"5":0,"6":0,"7":0,"8":0,"9":0,"10":0,"11":0,"12":0,"13":0,"14":0,"15":3,"16":3},"f":{"0":0,"1":0,"2":0},"b":{}}
}
